Script started on 2022-10-17 18:34:53+0200
java 17.0.2 2022-01-18 LTS
Java(TM) SE Runtime Environment (build 17.0.2+8-LTS-86)
Java HotSpot(TM) 64-Bit Server VM (build 17.0.2+8-LTS-86, mixed mode, sharing)
Scala compiler version 3.0.2 -- Copyright 2002-2021, LAMP/EPFL
Clojure CLI version 1.10.3.1069
[1mApache Maven 3.6.3 (cecedd343002696d0abb50b32b541b8a6ba2883f)[m
Maven home: /home/tomasz/app/apache-maven-3.6.3
Java version: 17.0.2, vendor: Oracle Corporation, runtime: /usr/lib/jvm/jdk-17
Default locale: en_US, platform encoding: UTF-8
OS name: "linux", version: "5.4.0-128-generic", arch: "amd64", family: "unix"
sbt version in this project: 1.7.2
sbt script version: 1.7.2
Leiningen 2.9.7 on Java 17.0.2 Java HotSpot(TM) 64-Bit Server VM
/home/tomasz/Documents/workspace/everything-everywhere-all-at-once
/home/tomasz/Documents/workspace/everything-everywhere-all-at-once
/home/tomasz/Documents/workspace/everything-everywhere-all-at-once
/home/tomasz/Documents/workspace/everything-everywhere-all-at-once
/home/tomasz/Documents/workspace/everything-everywhere-all-at-once
/home/tomasz/Documents/workspace/everything-everywhere-all-at-once
./batch/linux/004-bash-grep-todo.sh:(cd $DIR_PROJECT; grep -r "TODO" .; cd -) #
./batch/linux/305-lein-run-specific.sh:#TODO: https://stackoverflow.com/questions/11023762/leiningen-with-multiple-main-classes #
/home/tomasz/Documents/workspace/everything-everywhere-all-at-once
/home/tomasz/Documents/workspace/everything-everywhere-all-at-once
[1;34mINFO[m] Scanning for projects...
[1;34mINFO[m] 
[1;34mINFO[m] [1m---------< [0;36mpl.tomaszgigiel:everything-everywhere-all-at-once[0;1m >----------[m
[1;34mINFO[m] [1mBuilding everything-everywhere-all-at-once 1000-SNAPSHOT[m
[1;34mINFO[m] [1m--------------------------------[ jar ]---------------------------------[m
[1;34mINFO[m] 
[1;34mINFO[m] [1m--- [0;32mmaven-clean-plugin:2.5:clean[m [1m(default-clean)[m @ [36meverything-everywhere-all-at-once[0;1m ---[m
[1;34mINFO[m] 
[1;34mINFO[m] [1m--- [0;32mmaven-resources-plugin:2.6:resources[m [1m(default-resources)[m @ [36meverything-everywhere-all-at-once[0;1m ---[m
[1;34mINFO[m] Using 'UTF-8' encoding to copy filtered resources.
[1;34mINFO[m] Copying 1 resource
[1;34mINFO[m] 
[1;34mINFO[m] [1m--- [0;32mmaven-compiler-plugin:3.10.1:compile[m [1m(default-compile)[m @ [36meverything-everywhere-all-at-once[0;1m ---[m
[1;34mINFO[m] Changes detected - recompiling the module!
[1;34mINFO[m] Compiling 5 source files to /home/tomasz/Documents/workspace/everything-everywhere-all-at-once/target/classes
[1;34mINFO[m] [1m------------------------------------------------------------------------[m
[1;34mINFO[m] [1;32mBUILD SUCCESS[m
[1;34mINFO[m] [1m------------------------------------------------------------------------[m
[1;34mINFO[m] Total time:  3.199 s
[1;34mINFO[m] Finished at: 2022-10-17T18:35:11+02:00
[1;34mINFO[m] [1m------------------------------------------------------------------------[m
/home/tomasz/Documents/workspace/everything-everywhere-all-at-once
/home/tomasz/Documents/workspace/everything-everywhere-all-at-once
[1;34mINFO[m] Scanning for projects...
[1;34mINFO[m] 
[1;34mINFO[m] [1m---------< [0;36mpl.tomaszgigiel:everything-everywhere-all-at-once[0;1m >----------[m
[1;34mINFO[m] [1mBuilding everything-everywhere-all-at-once 1000-SNAPSHOT[m
[1;34mINFO[m] [1m--------------------------------[ jar ]---------------------------------[m
[1;34mINFO[m] 
[1;34mINFO[m] [1m--- [0;32mmaven-clean-plugin:2.5:clean[m [1m(default-clean)[m @ [36meverything-everywhere-all-at-once[0;1m ---[m
[1;34mINFO[m] Deleting /home/tomasz/Documents/workspace/everything-everywhere-all-at-once/target
[1;34mINFO[m] 
[1;34mINFO[m] [1m--- [0;32mmaven-resources-plugin:2.6:resources[m [1m(default-resources)[m @ [36meverything-everywhere-all-at-once[0;1m ---[m
[1;34mINFO[m] Using 'UTF-8' encoding to copy filtered resources.
[1;34mINFO[m] Copying 1 resource
[1;34mINFO[m] 
[1;34mINFO[m] [1m--- [0;32mmaven-compiler-plugin:3.10.1:compile[m [1m(default-compile)[m @ [36meverything-everywhere-all-at-once[0;1m ---[m
[1;34mINFO[m] Changes detected - recompiling the module!
[1;34mINFO[m] Compiling 5 source files to /home/tomasz/Documents/workspace/everything-everywhere-all-at-once/target/classes
[1;34mINFO[m] 
[1;34mINFO[m] [1m--- [0;32mmaven-resources-plugin:2.6:testResources[m [1m(default-testResources)[m @ [36meverything-everywhere-all-at-once[0;1m ---[m
[1;34mINFO[m] Using 'UTF-8' encoding to copy filtered resources.
[1;34mINFO[m] Copying 69 resources
[1;34mINFO[m] 
[1;34mINFO[m] [1m--- [0;32mmaven-compiler-plugin:3.10.1:testCompile[m [1m(default-testCompile)[m @ [36meverything-everywhere-all-at-once[0;1m ---[m
[1;34mINFO[m] Changes detected - recompiling the module!
[1;34mINFO[m] Compiling 4 source files to /home/tomasz/Documents/workspace/everything-everywhere-all-at-once/target/test-classes
[1;34mINFO[m] 
[1;34mINFO[m] [1m--- [0;32mmaven-surefire-plugin:2.22.2:test[m [1m(default-test)[m @ [36meverything-everywhere-all-at-once[0;1m ---[m
[1;34mINFO[m] 
[1;34mINFO[m] -------------------------------------------------------
[1;34mINFO[m]  T E S T S
[1;34mINFO[m] -------------------------------------------------------
[1;34mINFO[m] Running pl.tomaszgigiel.everythingeverywhereallatonce.[1mSimpleJavaAppTests[m
[1;34mINFO[m] [1;32mTests run: [0;1;32m1[m, Failures: 0, Errors: 0, Skipped: 0, Time elapsed: 0.086 s - in pl.tomaszgigiel.everythingeverywhereallatonce.[1mSimpleJavaAppTests[m
[1;34mINFO[m] 
[1;34mINFO[m] Results:
[1;34mINFO[m] 
[1;34mINFO[m] [1;32mTests run: 1, Failures: 0, Errors: 0, Skipped: 0[m
[1;34mINFO[m] 
[1;34mINFO[m] [1m------------------------------------------------------------------------[m
[1;34mINFO[m] [1;32mBUILD SUCCESS[m
[1;34mINFO[m] [1m------------------------------------------------------------------------[m
[1;34mINFO[m] Total time:  5.939 s
[1;34mINFO[m] Finished at: 2022-10-17T18:35:19+02:00
[1;34mINFO[m] [1m------------------------------------------------------------------------[m
/home/tomasz/Documents/workspace/everything-everywhere-all-at-once
/home/tomasz/Documents/workspace/everything-everywhere-all-at-once
[1;34mINFO[m] Scanning for projects...
[1;34mINFO[m] 
[1;34mINFO[m] [1m---------< [0;36mpl.tomaszgigiel:everything-everywhere-all-at-once[0;1m >----------[m
[1;34mINFO[m] [1mBuilding everything-everywhere-all-at-once 1000-SNAPSHOT[m
[1;34mINFO[m] [1m--------------------------------[ jar ]---------------------------------[m
[1;34mINFO[m] 
[1;34mINFO[m] [1m--- [0;32mmaven-clean-plugin:2.5:clean[m [1m(default-clean)[m @ [36meverything-everywhere-all-at-once[0;1m ---[m
[1;34mINFO[m] Deleting /home/tomasz/Documents/workspace/everything-everywhere-all-at-once/target
[1;34mINFO[m] 
[1;34mINFO[m] [1m--- [0;32mmaven-resources-plugin:2.6:resources[m [1m(default-resources)[m @ [36meverything-everywhere-all-at-once[0;1m ---[m
[1;34mINFO[m] Using 'UTF-8' encoding to copy filtered resources.
[1;34mINFO[m] Copying 1 resource
[1;34mINFO[m] 
[1;34mINFO[m] [1m--- [0;32mmaven-compiler-plugin:3.10.1:compile[m [1m(default-compile)[m @ [36meverything-everywhere-all-at-once[0;1m ---[m
[1;34mINFO[m] Changes detected - recompiling the module!
[1;34mINFO[m] Compiling 5 source files to /home/tomasz/Documents/workspace/everything-everywhere-all-at-once/target/classes
[1;34mINFO[m] 
[1;34mINFO[m] [1m--- [0;32mmaven-resources-plugin:2.6:testResources[m [1m(default-testResources)[m @ [36meverything-everywhere-all-at-once[0;1m ---[m
[1;34mINFO[m] Using 'UTF-8' encoding to copy filtered resources.
[1;34mINFO[m] Copying 69 resources
[1;34mINFO[m] 
[1;34mINFO[m] [1m--- [0;32mmaven-compiler-plugin:3.10.1:testCompile[m [1m(default-testCompile)[m @ [36meverything-everywhere-all-at-once[0;1m ---[m
[1;34mINFO[m] Changes detected - recompiling the module!
[1;34mINFO[m] Compiling 4 source files to /home/tomasz/Documents/workspace/everything-everywhere-all-at-once/target/test-classes
[1;34mINFO[m] 
[1;34mINFO[m] [1m--- [0;32mmaven-surefire-plugin:2.22.2:test[m [1m(default-test)[m @ [36meverything-everywhere-all-at-once[0;1m ---[m
[1;34mINFO[m] 
[1;34mINFO[m] -------------------------------------------------------
[1;34mINFO[m]  T E S T S
[1;34mINFO[m] -------------------------------------------------------
[1;34mINFO[m] Running pl.tomaszgigiel.utils.[1mFilesUtilsTest[m
[1;34mINFO[m] [1;32mTests run: [0;1;32m4[m, Failures: 0, Errors: 0, Skipped: 0, Time elapsed: 0.146 s - in pl.tomaszgigiel.utils.[1mFilesUtilsTest[m
[1;34mINFO[m] Running pl.tomaszgigiel.utils.[1mZipUtilsTest[m
[1;34mINFO[m] [1;32mTests run: [0;1;32m2[m, Failures: 0, Errors: 0, Skipped: 0, Time elapsed: 0.101 s - in pl.tomaszgigiel.utils.[1mZipUtilsTest[m
[1;34mINFO[m] Running pl.tomaszgigiel.utils.blob.[1mBlobUtilsTest[m
[1;34mINFO[m] [1;32mTests run: [0;1;32m3[m, Failures: 0, Errors: 0, Skipped: 0, Time elapsed: 0.393 s - in pl.tomaszgigiel.utils.blob.[1mBlobUtilsTest[m
[1;34mINFO[m] Running pl.tomaszgigiel.everythingeverywhereallatonce.[1mSimpleJavaAppTests[m
[1;34mINFO[m] [1;32mTests run: [0;1;32m1[m, Failures: 0, Errors: 0, Skipped: 0, Time elapsed: 0.001 s - in pl.tomaszgigiel.everythingeverywhereallatonce.[1mSimpleJavaAppTests[m
[1;34mINFO[m] 
[1;34mINFO[m] Results:
[1;34mINFO[m] 
[1;34mINFO[m] [1;32mTests run: 10, Failures: 0, Errors: 0, Skipped: 0[m
[1;34mINFO[m] 
[1;34mINFO[m] [1m------------------------------------------------------------------------[m
[1;34mINFO[m] [1;32mBUILD SUCCESS[m
[1;34mINFO[m] [1m------------------------------------------------------------------------[m
[1;34mINFO[m] Total time:  6.453 s
[1;34mINFO[m] Finished at: 2022-10-17T18:35:27+02:00
[1;34mINFO[m] [1m------------------------------------------------------------------------[m
/home/tomasz/Documents/workspace/everything-everywhere-all-at-once
/home/tomasz/Documents/workspace/everything-everywhere-all-at-once
[1;34mINFO[m] Scanning for projects...
[1;34mINFO[m] 
[1;34mINFO[m] [1m---------< [0;36mpl.tomaszgigiel:everything-everywhere-all-at-once[0;1m >----------[m
[1;34mINFO[m] [1mBuilding everything-everywhere-all-at-once 1000-SNAPSHOT[m
[1;34mINFO[m] [1m--------------------------------[ jar ]---------------------------------[m
[1;34mINFO[m] 
[1;34mINFO[m] [1m--- [0;32mmaven-clean-plugin:2.5:clean[m [1m(default-clean)[m @ [36meverything-everywhere-all-at-once[0;1m ---[m
[1;34mINFO[m] Deleting /home/tomasz/Documents/workspace/everything-everywhere-all-at-once/target
[1;34mINFO[m] 
[1;34mINFO[m] [1m--- [0;32mmaven-resources-plugin:2.6:resources[m [1m(default-resources)[m @ [36meverything-everywhere-all-at-once[0;1m ---[m
[1;34mINFO[m] Using 'UTF-8' encoding to copy filtered resources.
[1;34mINFO[m] Copying 1 resource
[1;34mINFO[m] 
[1;34mINFO[m] [1m--- [0;32mmaven-compiler-plugin:3.10.1:compile[m [1m(default-compile)[m @ [36meverything-everywhere-all-at-once[0;1m ---[m
[1;34mINFO[m] Changes detected - recompiling the module!
[1;34mINFO[m] Compiling 5 source files to /home/tomasz/Documents/workspace/everything-everywhere-all-at-once/target/classes
[1;34mINFO[m] 
[1;34mINFO[m] [1m--- [0;32mexec-maven-plugin:3.1.0:java[m [1m(default-cli)[m @ [36meverything-everywhere-all-at-once[0;1m ---[m
[pl.tomaszgigiel.everythingeverywhereallatonce.SimpleJavaApp][main]: 2022-10-17 18:35:32 INFO  SimpleJavaApp:9 - SimpleJavaApp: ok
[1;34mINFO[m] [1m------------------------------------------------------------------------[m
[1;34mINFO[m] [1;32mBUILD SUCCESS[m
[1;34mINFO[m] [1m------------------------------------------------------------------------[m
[1;34mINFO[m] Total time:  3.964 s
[1;34mINFO[m] Finished at: 2022-10-17T18:35:32+02:00
[1;34mINFO[m] [1m------------------------------------------------------------------------[m
/home/tomasz/Documents/workspace/everything-everywhere-all-at-once
/home/tomasz/Documents/workspace/everything-everywhere-all-at-once
[1;34mINFO[m] Scanning for projects...
[1;34mINFO[m] 
[1;34mINFO[m] [1m---------< [0;36mpl.tomaszgigiel:everything-everywhere-all-at-once[0;1m >----------[m
[1;34mINFO[m] [1mBuilding everything-everywhere-all-at-once 1000-SNAPSHOT[m
[1;34mINFO[m] [1m--------------------------------[ jar ]---------------------------------[m
[1;34mINFO[m] 
[1;34mINFO[m] [1m--- [0;32mmaven-clean-plugin:2.5:clean[m [1m(default-clean)[m @ [36meverything-everywhere-all-at-once[0;1m ---[m
[1;34mINFO[m] Deleting /home/tomasz/Documents/workspace/everything-everywhere-all-at-once/target
[1;34mINFO[m] 
[1;34mINFO[m] [1m--- [0;32mmaven-resources-plugin:2.6:resources[m [1m(default-resources)[m @ [36meverything-everywhere-all-at-once[0;1m ---[m
[1;34mINFO[m] Using 'UTF-8' encoding to copy filtered resources.
[1;34mINFO[m] Copying 1 resource
[1;34mINFO[m] 
[1;34mINFO[m] [1m--- [0;32mmaven-compiler-plugin:3.10.1:compile[m [1m(default-compile)[m @ [36meverything-everywhere-all-at-once[0;1m ---[m
[1;34mINFO[m] Changes detected - recompiling the module!
[1;34mINFO[m] Compiling 5 source files to /home/tomasz/Documents/workspace/everything-everywhere-all-at-once/target/classes
[1;34mINFO[m] 
[1;34mINFO[m] [1m--- [0;32mexec-maven-plugin:3.1.0:java[m [1m(default-cli)[m @ [36meverything-everywhere-all-at-once[0;1m ---[m
[pl.tomaszgigiel.everythingeverywhereallatonce.SimpleJavaApp][main]: 2022-10-17 18:35:38 INFO  SimpleJavaApp:9 - SimpleJavaApp: ok
[1;34mINFO[m] [1m------------------------------------------------------------------------[m
[1;34mINFO[m] [1;32mBUILD SUCCESS[m
[1;34mINFO[m] [1m------------------------------------------------------------------------[m
[1;34mINFO[m] Total time:  3.983 s
[1;34mINFO[m] Finished at: 2022-10-17T18:35:38+02:00
[1;34mINFO[m] [1m------------------------------------------------------------------------[m
/home/tomasz/Documents/workspace/everything-everywhere-all-at-once
/home/tomasz/Documents/workspace/everything-everywhere-all-at-once
[1;34mINFO[m] Scanning for projects...
[1;34mINFO[m] 
[1;34mINFO[m] [1m---------< [0;36mpl.tomaszgigiel:everything-everywhere-all-at-once[0;1m >----------[m
[1;34mINFO[m] [1mBuilding everything-everywhere-all-at-once 1000-SNAPSHOT[m
[1;34mINFO[m] [1m--------------------------------[ jar ]---------------------------------[m
[1;34mINFO[m] 
[1;34mINFO[m] [1m--- [0;32mmaven-clean-plugin:2.5:clean[m [1m(default-clean)[m @ [36meverything-everywhere-all-at-once[0;1m ---[m
[1;34mINFO[m] Deleting /home/tomasz/Documents/workspace/everything-everywhere-all-at-once/target
[1;34mINFO[m] 
[1;34mINFO[m] [1m--- [0;32mmaven-resources-plugin:2.6:resources[m [1m(default-resources)[m @ [36meverything-everywhere-all-at-once[0;1m ---[m
[1;34mINFO[m] Using 'UTF-8' encoding to copy filtered resources.
[1;34mINFO[m] Copying 1 resource
[1;34mINFO[m] 
[1;34mINFO[m] [1m--- [0;32mmaven-compiler-plugin:3.10.1:compile[m [1m(default-compile)[m @ [36meverything-everywhere-all-at-once[0;1m ---[m
[1;34mINFO[m] Changes detected - recompiling the module!
[1;34mINFO[m] Compiling 5 source files to /home/tomasz/Documents/workspace/everything-everywhere-all-at-once/target/classes
[1;34mINFO[m] 
[1;34mINFO[m] [1m--- [0;32mmaven-resources-plugin:2.6:testResources[m [1m(default-testResources)[m @ [36meverything-everywhere-all-at-once[0;1m ---[m
[1;34mINFO[m] Using 'UTF-8' encoding to copy filtered resources.
[1;34mINFO[m] Copying 69 resources
[1;34mINFO[m] 
[1;34mINFO[m] [1m--- [0;32mmaven-compiler-plugin:3.10.1:testCompile[m [1m(default-testCompile)[m @ [36meverything-everywhere-all-at-once[0;1m ---[m
[1;34mINFO[m] Changes detected - recompiling the module!
[1;34mINFO[m] Compiling 4 source files to /home/tomasz/Documents/workspace/everything-everywhere-all-at-once/target/test-classes
[1;34mINFO[m] 
[1;34mINFO[m] [1m--- [0;32mmaven-surefire-plugin:2.22.2:test[m [1m(default-test)[m @ [36meverything-everywhere-all-at-once[0;1m ---[m
[1;34mINFO[m] 
[1;34mINFO[m] -------------------------------------------------------
[1;34mINFO[m]  T E S T S
[1;34mINFO[m] -------------------------------------------------------
[1;34mINFO[m] Running pl.tomaszgigiel.utils.[1mFilesUtilsTest[m
[1;34mINFO[m] [1;32mTests run: [0;1;32m4[m, Failures: 0, Errors: 0, Skipped: 0, Time elapsed: 0.093 s - in pl.tomaszgigiel.utils.[1mFilesUtilsTest[m
[1;34mINFO[m] Running pl.tomaszgigiel.utils.[1mZipUtilsTest[m
[1;34mINFO[m] [1;32mTests run: [0;1;32m2[m, Failures: 0, Errors: 0, Skipped: 0, Time elapsed: 0.083 s - in pl.tomaszgigiel.utils.[1mZipUtilsTest[m
[1;34mINFO[m] Running pl.tomaszgigiel.utils.blob.[1mBlobUtilsTest[m
[1;34mINFO[m] [1;32mTests run: [0;1;32m3[m, Failures: 0, Errors: 0, Skipped: 0, Time elapsed: 0.421 s - in pl.tomaszgigiel.utils.blob.[1mBlobUtilsTest[m
[1;34mINFO[m] Running pl.tomaszgigiel.everythingeverywhereallatonce.[1mSimpleJavaAppTests[m
[1;34mINFO[m] [1;32mTests run: [0;1;32m1[m, Failures: 0, Errors: 0, Skipped: 0, Time elapsed: 0.001 s - in pl.tomaszgigiel.everythingeverywhereallatonce.[1mSimpleJavaAppTests[m
[1;34mINFO[m] 
[1;34mINFO[m] Results:
[1;34mINFO[m] 
[1;34mINFO[m] [1;32mTests run: 10, Failures: 0, Errors: 0, Skipped: 0[m
[1;34mINFO[m] 
[1;34mINFO[m] 
[1;34mINFO[m] [1m--- [0;32mmaven-jar-plugin:3.3.0:jar[m [1m(default-jar)[m @ [36meverything-everywhere-all-at-once[0;1m ---[m
[1;34mINFO[m] Building jar: /home/tomasz/Documents/workspace/everything-everywhere-all-at-once/target/everything-everywhere-all-at-once.jar
[1;34mINFO[m] 
[1;34mINFO[m] [1m--- [0;32mmaven-assembly-plugin:3.4.2:single[m [1m(default)[m @ [36meverything-everywhere-all-at-once[0;1m ---[m
[1;34mINFO[m] Building jar: /home/tomasz/Documents/workspace/everything-everywhere-all-at-once/target/everything-everywhere-all-at-once-jar-with-dependencies.jar
[1;34mINFO[m] [1m------------------------------------------------------------------------[m
[1;34mINFO[m] [1;32mBUILD SUCCESS[m
[1;34mINFO[m] [1m------------------------------------------------------------------------[m
[1;34mINFO[m] Total time:  9.652 s
[1;34mINFO[m] Finished at: 2022-10-17T18:35:49+02:00
[1;34mINFO[m] [1m------------------------------------------------------------------------[m
[pl.tomaszgigiel.everythingeverywhereallatonce.SimpleJavaApp][main]: 2022-10-17 18:35:50 INFO  SimpleJavaApp:9 - SimpleJavaApp: ok
/home/tomasz/Documents/workspace/everything-everywhere-all-at-once
/home/tomasz/Documents/workspace/everything-everywhere-all-at-once
[1;34mINFO[m] Scanning for projects...
[1;34mINFO[m] 
[1;34mINFO[m] [1m---------< [0;36mpl.tomaszgigiel:everything-everywhere-all-at-once[0;1m >----------[m
[1;34mINFO[m] [1mBuilding everything-everywhere-all-at-once 1000-SNAPSHOT[m
[1;34mINFO[m] [1m--------------------------------[ jar ]---------------------------------[m
[1;34mINFO[m] 
[1;34mINFO[m] [1m--- [0;32mmaven-clean-plugin:2.5:clean[m [1m(default-clean)[m @ [36meverything-everywhere-all-at-once[0;1m ---[m
[1;34mINFO[m] Deleting /home/tomasz/Documents/workspace/everything-everywhere-all-at-once/target
[1;34mINFO[m] 
[1;34mINFO[m] [1m--- [0;32mmaven-resources-plugin:2.6:resources[m [1m(default-resources)[m @ [36meverything-everywhere-all-at-once[0;1m ---[m
[1;34mINFO[m] Using 'UTF-8' encoding to copy filtered resources.
[1;34mINFO[m] Copying 1 resource
[1;34mINFO[m] 
[1;34mINFO[m] [1m--- [0;32mmaven-compiler-plugin:3.10.1:compile[m [1m(default-compile)[m @ [36meverything-everywhere-all-at-once[0;1m ---[m
[1;34mINFO[m] Changes detected - recompiling the module!
[1;34mINFO[m] Compiling 5 source files to /home/tomasz/Documents/workspace/everything-everywhere-all-at-once/target/classes
[1;34mINFO[m] 
[1;34mINFO[m] [1m--- [0;32mmaven-resources-plugin:2.6:testResources[m [1m(default-testResources)[m @ [36meverything-everywhere-all-at-once[0;1m ---[m
[1;34mINFO[m] Using 'UTF-8' encoding to copy filtered resources.
[1;34mINFO[m] Copying 69 resources
[1;34mINFO[m] 
[1;34mINFO[m] [1m--- [0;32mmaven-compiler-plugin:3.10.1:testCompile[m [1m(default-testCompile)[m @ [36meverything-everywhere-all-at-once[0;1m ---[m
[1;34mINFO[m] Changes detected - recompiling the module!
[1;34mINFO[m] Compiling 4 source files to /home/tomasz/Documents/workspace/everything-everywhere-all-at-once/target/test-classes
[1;34mINFO[m] 
[1;34mINFO[m] [1m--- [0;32mmaven-surefire-plugin:2.22.2:test[m [1m(default-test)[m @ [36meverything-everywhere-all-at-once[0;1m ---[m
[1;34mINFO[m] 
[1;34mINFO[m] -------------------------------------------------------
[1;34mINFO[m]  T E S T S
[1;34mINFO[m] -------------------------------------------------------
[1;34mINFO[m] Running pl.tomaszgigiel.utils.[1mFilesUtilsTest[m
[1;34mINFO[m] [1;32mTests run: [0;1;32m4[m, Failures: 0, Errors: 0, Skipped: 0, Time elapsed: 0.127 s - in pl.tomaszgigiel.utils.[1mFilesUtilsTest[m
[1;34mINFO[m] Running pl.tomaszgigiel.utils.[1mZipUtilsTest[m
[1;34mINFO[m] [1;32mTests run: [0;1;32m2[m, Failures: 0, Errors: 0, Skipped: 0, Time elapsed: 0.117 s - in pl.tomaszgigiel.utils.[1mZipUtilsTest[m
[1;34mINFO[m] Running pl.tomaszgigiel.utils.blob.[1mBlobUtilsTest[m
[1;34mINFO[m] [1;32mTests run: [0;1;32m3[m, Failures: 0, Errors: 0, Skipped: 0, Time elapsed: 0.393 s - in pl.tomaszgigiel.utils.blob.[1mBlobUtilsTest[m
[1;34mINFO[m] Running pl.tomaszgigiel.everythingeverywhereallatonce.[1mSimpleJavaAppTests[m
[1;34mINFO[m] [1;32mTests run: [0;1;32m1[m, Failures: 0, Errors: 0, Skipped: 0, Time elapsed: 0.001 s - in pl.tomaszgigiel.everythingeverywhereallatonce.[1mSimpleJavaAppTests[m
[1;34mINFO[m] 
[1;34mINFO[m] Results:
[1;34mINFO[m] 
[1;34mINFO[m] [1;32mTests run: 10, Failures: 0, Errors: 0, Skipped: 0[m
[1;34mINFO[m] 
[1;34mINFO[m] 
[1;34mINFO[m] [1m--- [0;32mmaven-jar-plugin:3.3.0:jar[m [1m(default-jar)[m @ [36meverything-everywhere-all-at-once[0;1m ---[m
[1;34mINFO[m] Building jar: /home/tomasz/Documents/workspace/everything-everywhere-all-at-once/target/everything-everywhere-all-at-once.jar
[1;34mINFO[m] 
[1;34mINFO[m] [1m--- [0;32mmaven-assembly-plugin:3.4.2:single[m [1m(default)[m @ [36meverything-everywhere-all-at-once[0;1m ---[m
[1;34mINFO[m] Building jar: /home/tomasz/Documents/workspace/everything-everywhere-all-at-once/target/everything-everywhere-all-at-once-jar-with-dependencies.jar
[1;34mINFO[m] [1m------------------------------------------------------------------------[m
[1;34mINFO[m] [1;32mBUILD SUCCESS[m
[1;34mINFO[m] [1m------------------------------------------------------------------------[m
[1;34mINFO[m] Total time:  9.829 s
[1;34mINFO[m] Finished at: 2022-10-17T18:36:02+02:00
[1;34mINFO[m] [1m------------------------------------------------------------------------[m
[pl.tomaszgigiel.everythingeverywhereallatonce.SimpleJavaApp][main]: 2022-10-17 18:36:02 INFO  SimpleJavaApp:9 - SimpleJavaApp: ok
/home/tomasz/Documents/workspace/everything-everywhere-all-at-once
/home/tomasz/Documents/workspace/everything-everywhere-all-at-once
[1;34mINFO[m] Scanning for projects...
[1;34mINFO[m] 
[1;34mINFO[m] [1m---------< [0;36mpl.tomaszgigiel:everything-everywhere-all-at-once[0;1m >----------[m
[1;34mINFO[m] [1mBuilding everything-everywhere-all-at-once 1000-SNAPSHOT[m
[1;34mINFO[m] [1m--------------------------------[ jar ]---------------------------------[m
[1;34mINFO[m] 
[1;34mINFO[m] [1m--- [0;32mmaven-clean-plugin:2.5:clean[m [1m(default-clean)[m @ [36meverything-everywhere-all-at-once[0;1m ---[m
[1;34mINFO[m] Deleting /home/tomasz/Documents/workspace/everything-everywhere-all-at-once/target
[1;34mINFO[m] 
[1;34mINFO[m] [1m--- [0;32mmaven-resources-plugin:2.6:resources[m [1m(default-resources)[m @ [36meverything-everywhere-all-at-once[0;1m ---[m
[1;34mINFO[m] Using 'UTF-8' encoding to copy filtered resources.
[1;34mINFO[m] Copying 1 resource
[1;34mINFO[m] 
[1;34mINFO[m] [1m--- [0;32mmaven-compiler-plugin:3.10.1:compile[m [1m(default-compile)[m @ [36meverything-everywhere-all-at-once[0;1m ---[m
[1;34mINFO[m] Changes detected - recompiling the module!
[1;34mINFO[m] Compiling 5 source files to /home/tomasz/Documents/workspace/everything-everywhere-all-at-once/target/classes
[1;34mINFO[m] 
[1;34mINFO[m] [1m--- [0;32mmaven-resources-plugin:2.6:testResources[m [1m(default-testResources)[m @ [36meverything-everywhere-all-at-once[0;1m ---[m
[1;34mINFO[m] Using 'UTF-8' encoding to copy filtered resources.
[1;34mINFO[m] Copying 69 resources
[1;34mINFO[m] 
[1;34mINFO[m] [1m--- [0;32mmaven-compiler-plugin:3.10.1:testCompile[m [1m(default-testCompile)[m @ [36meverything-everywhere-all-at-once[0;1m ---[m
[1;34mINFO[m] Changes detected - recompiling the module!
[1;34mINFO[m] Compiling 4 source files to /home/tomasz/Documents/workspace/everything-everywhere-all-at-once/target/test-classes
[1;34mINFO[m] 
[1;34mINFO[m] [1m--- [0;32mmaven-surefire-plugin:2.22.2:test[m [1m(default-test)[m @ [36meverything-everywhere-all-at-once[0;1m ---[m
[1;34mINFO[m] 
[1;34mINFO[m] -------------------------------------------------------
[1;34mINFO[m]  T E S T S
[1;34mINFO[m] -------------------------------------------------------
[1;34mINFO[m] Running pl.tomaszgigiel.utils.[1mFilesUtilsTest[m
[1;34mINFO[m] [1;32mTests run: [0;1;32m4[m, Failures: 0, Errors: 0, Skipped: 0, Time elapsed: 0.131 s - in pl.tomaszgigiel.utils.[1mFilesUtilsTest[m
[1;34mINFO[m] Running pl.tomaszgigiel.utils.[1mZipUtilsTest[m
[1;34mINFO[m] [1;32mTests run: [0;1;32m2[m, Failures: 0, Errors: 0, Skipped: 0, Time elapsed: 0.108 s - in pl.tomaszgigiel.utils.[1mZipUtilsTest[m
[1;34mINFO[m] Running pl.tomaszgigiel.utils.blob.[1mBlobUtilsTest[m
[1;34mINFO[m] [1;32mTests run: [0;1;32m3[m, Failures: 0, Errors: 0, Skipped: 0, Time elapsed: 0.426 s - in pl.tomaszgigiel.utils.blob.[1mBlobUtilsTest[m
[1;34mINFO[m] Running pl.tomaszgigiel.everythingeverywhereallatonce.[1mSimpleJavaAppTests[m
[1;34mINFO[m] [1;32mTests run: [0;1;32m1[m, Failures: 0, Errors: 0, Skipped: 0, Time elapsed: 0 s - in pl.tomaszgigiel.everythingeverywhereallatonce.[1mSimpleJavaAppTests[m
[1;34mINFO[m] 
[1;34mINFO[m] Results:
[1;34mINFO[m] 
[1;34mINFO[m] [1;32mTests run: 10, Failures: 0, Errors: 0, Skipped: 0[m
[1;34mINFO[m] 
[1;34mINFO[m] 
[1;34mINFO[m] [1m--- [0;32mmaven-jar-plugin:3.3.0:jar[m [1m(default-jar)[m @ [36meverything-everywhere-all-at-once[0;1m ---[m
[1;34mINFO[m] Building jar: /home/tomasz/Documents/workspace/everything-everywhere-all-at-once/target/everything-everywhere-all-at-once.jar
[1;34mINFO[m] 
[1;34mINFO[m] [1m--- [0;32mmaven-assembly-plugin:3.4.2:single[m [1m(default)[m @ [36meverything-everywhere-all-at-once[0;1m ---[m
[1;34mINFO[m] Building jar: /home/tomasz/Documents/workspace/everything-everywhere-all-at-once/target/everything-everywhere-all-at-once-jar-with-dependencies.jar
[1;34mINFO[m] [1m------------------------------------------------------------------------[m
[1;34mINFO[m] [1;32mBUILD SUCCESS[m
[1;34mINFO[m] [1m------------------------------------------------------------------------[m
[1;34mINFO[m] Total time:  9.641 s
[1;34mINFO[m] Finished at: 2022-10-17T18:36:14+02:00
[1;34mINFO[m] [1m------------------------------------------------------------------------[m
/home/tomasz/Documents/workspace/everything-everywhere-all-at-once
/home/tomasz/Documents/workspace/everything-everywhere-all-at-once
[info] welcome to sbt 1.7.2 (Oracle Corporation Java 17.0.2)
[info] loading global plugins from /home/tomasz/.sbt/1.0/plugins

  | => global-plugins / otherResolvers 0s

  | => global-plugins / Compile / compileIncremental 0s
[info] loading settings for project everything-everywhere-all-at-once-build from plugins.sbt ...
[info] loading project definition from /home/tomasz/Documents/workspace/everything-everywhere-all-at-once/project

  | => everything-everywhere-all-at-once-build / update 0s
[info] loading settings for project root from build.sbt ...
[info] set current project to everything-everywhere-all-at-once (in build file:/home/tomasz/Documents/workspace/everything-everywhere-all-at-once/)
[info] Executing in batch mode. For better performance use sbt's shell
[32msuccess] Total time: 0 s, completed Oct 17, 2022, 6:36:23 PM

  | => root / scalaCompilerBridgeBinaryJar 0s

  | => root / update 0s

  | => root / update 1s

  | => root / update 2s

  | => root / Compile / compileIncremental 0s
[info] compiling 1 Scala source and 5 Java sources to /home/tomasz/Documents/workspace/everything-everywhere-all-at-once/target/scala-3.2.0/classes ...

  | => root / Compile / compileIncremental 0s

  | => root / Compile / compileIncremental 0s

  | => root / Compile / compileIncremental 1s

  | => root / Compile / compileIncremental 2s

  | => root / Compile / compileIncremental 3s

  | => root / Compile / compileIncremental 4s

  | => root / Compile / compileIncremental 5s

  | => root / Compile / compileIncremental 6s

  | => root / Compile / compileIncremental 7s

  | => root / Compile / compile 0s
[32msuccess] Total time: 12 s, completed Oct 17, 2022, 6:36:35 PM
/home/tomasz/Documents/workspace/everything-everywhere-all-at-once
/home/tomasz/Documents/workspace/everything-everywhere-all-at-once
[info] welcome to sbt 1.7.2 (Oracle Corporation Java 17.0.2)
[info] loading global plugins from /home/tomasz/.sbt/1.0/plugins

  | => global-plugins / otherResolvers 0s

  | => global-plugins / Compile / compileIncremental 0s

  | => <anon-173797f0> 0s
[info] loading settings for project everything-everywhere-all-at-once-build from plugins.sbt ...
[info] loading project definition from /home/tomasz/Documents/workspace/everything-everywhere-all-at-once/project

  | => everything-everywhere-all-at-once-build / Compile / compileIncremental 0s
[info] loading settings for project root from build.sbt ...
[info] set current project to everything-everywhere-all-at-once (in build file:/home/tomasz/Documents/workspace/everything-everywhere-all-at-once/)
[32msuccess] Total time: 0 s, completed Oct 17, 2022, 6:36:44 PM

  | => root / dependencyPositions 0s

  | => root / scalaCompilerBridgeBinaryJar 0s
  | => root / update 0s

  | => root / scalaCompilerBridgeBinaryJar 1s
  | => root / update 1s

  | => root / scalaCompilerBridgeBinaryJar 2s
  | => root / update 2s


  | => root / Compile / compileIncremental 0s
[info] compiling 1 Scala source and 5 Java sources to /home/tomasz/Documents/workspace/everything-everywhere-all-at-once/target/scala-3.2.0/classes ...

  | => root / Compile / compileIncremental 0s

  | => root / Compile / compileIncremental 1s

  | => root / Compile / compileIncremental 2s

  | => root / Compile / compileIncremental 3s

  | => root / Compile / compileIncremental 4s

  | => root / Compile / compileIncremental 5s

  | => root / Compile / compileIncremental 6s

  | => root / Compile / compileIncremental 7s

  | => root / Compile / compile 0s
[info] compiling 1 Scala source and 4 Java sources to /home/tomasz/Documents/workspace/everything-everywhere-all-at-once/target/scala-3.2.0/test-classes ...

  | => root / Compile / compile 0s

  | => root / Test / compileIncremental 0s

  | => root / Test / compileIncremental 1s

  | => root / Test / compileIncremental 2s

  | => root / Test / compileIncremental 3s

  | => pl.tomaszgigiel.fibonacci.SimpleScalaAppSuite 0s
[info] [32mSimpleScalaAppSuite:

  | => pl.tomaszgigiel.fibonacci.SimpleScalaAppSuite 0s
[info] [32m- ok

  | => pl.tomaszgigiel.fibonacci.SimpleScalaAppSuite 0s
[info] [36mRun completed in 332 milliseconds.

  | => pl.tomaszgigiel.fibonacci.SimpleScalaAppSuite 0s
[info] [36mTotal number of tests run: 1

  | => pl.tomaszgigiel.fibonacci.SimpleScalaAppSuite 0s
[info] [36mSuites: completed 1, aborted 0

  | => pl.tomaszgigiel.fibonacci.SimpleScalaAppSuite 0s
[info] [36mTests: succeeded 1, failed 0, canceled 0, ignored 0, pending 0

  | => pl.tomaszgigiel.fibonacci.SimpleScalaAppSuite 0s
[info] [32mAll tests passed.

  | => pl.tomaszgigiel.fibonacci.SimpleScalaAppSuite 0s
[32msuccess] Total time: 16 s, completed Oct 17, 2022, 6:37:01 PM
[info] Passed: Total 0, Failed 0, Errors 0, Passed 0
[info] No tests to run for Test / testOnly
[32msuccess] Total time: 0 s, completed Oct 17, 2022, 6:37:01 PM
/home/tomasz/Documents/workspace/everything-everywhere-all-at-once
/home/tomasz/Documents/workspace/everything-everywhere-all-at-once
[info] welcome to sbt 1.7.2 (Oracle Corporation Java 17.0.2)
[info] loading global plugins from /home/tomasz/.sbt/1.0/plugins

  | => global-plugins / dependencyPositions 0s
  | => global-plugins / otherResolvers 0s

  | => global-plugins / dependencyPositions 0s
  | => global-plugins / otherResolvers 0s

  | => global-plugins / dependencyPositions 0s
  | => global-plugins / otherResolvers 0s

  | => global-plugins / dependencyPositions 0s
  | => global-plugins / otherResolvers 0s


  | => global-plugins / Compile / compileIncremental 0s


  | => <anon-57a2ed35> 0s
[info] loading settings for project everything-everywhere-all-at-once-build from plugins.sbt ...
[info] loading project definition from /home/tomasz/Documents/workspace/everything-everywhere-all-at-once/project

  | => everything-everywhere-all-at-once-build / update 0s
[info] loading settings for project root from build.sbt ...
[info] set current project to everything-everywhere-all-at-once (in build file:/home/tomasz/Documents/workspace/everything-everywhere-all-at-once/)
[32msuccess] Total time: 0 s, completed Oct 17, 2022, 6:37:11 PM

  | => root / dependencyPositions 0s

  | => root / scalaCompilerBridgeBinaryJar 0s
  | => root / update 0s

  | => root / scalaCompilerBridgeBinaryJar 1s
  | => root / update 1s

  | => root / scalaCompilerBridgeBinaryJar 2s
  | => root / update 2s


  | => root / Compile / compileIncremental 0s
[info] compiling 1 Scala source and 5 Java sources to /home/tomasz/Documents/workspace/everything-everywhere-all-at-once/target/scala-3.2.0/classes ...

  | => root / Compile / compileIncremental 0s

  | => root / Compile / compileIncremental 0s

  | => root / Compile / compileIncremental 1s

  | => root / Compile / compileIncremental 2s

  | => root / Compile / compileIncremental 3s

  | => root / Compile / compileIncremental 4s

  | => root / Compile / compileIncremental 5s

  | => root / Compile / compileIncremental 6s

  | => root / Compile / compileIncremental 7s
[info] compiling 1 Scala source and 4 Java sources to /home/tomasz/Documents/workspace/everything-everywhere-all-at-once/target/scala-3.2.0/test-classes ...

  | => root / Compile / compileIncremental 7s

  | => root / Test / compileIncremental 0s
  | => root / Test / dependencyClasspathFiles / outputFileStamps 0s


  | => root / Test / compileIncremental 1s


  | => root / Test / compileIncremental 2s


  | => root / Test / compileIncremental 2s


  | => root / Test / executeTests 0s
[info] [32mSimpleScalaAppSuite:

  | => root / Test / executeTests 0s
[info] [32m- ok

  | => root / Test / executeTests 0s
[info] [36mRun completed in 351 milliseconds.

  | => root / Test / executeTests 0s
[info] [36mTotal number of tests run: 1

  | => root / Test / executeTests 0s
[info] [36mSuites: completed 1, aborted 0

  | => root / Test / executeTests 0s
[info] [36mTests: succeeded 1, failed 0, canceled 0, ignored 0, pending 0

  | => root / Test / executeTests 0s
[info] [32mAll tests passed.

  | => root / Test / executeTests 0s
[32msuccess] Total time: 16 s, completed Oct 17, 2022, 6:37:27 PM
/home/tomasz/Documents/workspace/everything-everywhere-all-at-once
/home/tomasz/Documents/workspace/everything-everywhere-all-at-once
[info] welcome to sbt 1.7.2 (Oracle Corporation Java 17.0.2)
[info] loading global plugins from /home/tomasz/.sbt/1.0/plugins

  | => global-plugins / dependencyPositions 0s
  | => global-plugins / otherResolvers 0s


  | => <anon-31ff6309> 0s
[info] loading settings for project everything-everywhere-all-at-once-build from plugins.sbt ...
[info] loading project definition from /home/tomasz/Documents/workspace/everything-everywhere-all-at-once/project

  | => everything-everywhere-all-at-once-build / update 0s
[info] loading settings for project root from build.sbt ...
[info] set current project to everything-everywhere-all-at-once (in build file:/home/tomasz/Documents/workspace/everything-everywhere-all-at-once/)
[32msuccess] Total time: 0 s, completed Oct 17, 2022, 6:37:37 PM

  | => root / update 0s

  | => root / scalaCompilerBridgeBinaryJar 0s
  | => root / update 0s

  | => root / scalaCompilerBridgeBinaryJar 1s
  | => root / update 1s

  | => root / scalaCompilerBridgeBinaryJar 2s
  | => root / update 2s
[info] compiling 1 Scala source and 5 Java sources to /home/tomasz/Documents/workspace/everything-everywhere-all-at-once/target/scala-3.2.0/classes ...

  | => root / Compile / compileIncremental 0s

  | => root / Compile / compileIncremental 0s

  | => root / Compile / compileIncremental 1s

  | => root / Compile / compileIncremental 2s

  | => root / Compile / compileIncremental 3s

  | => root / Compile / compileIncremental 4s

  | => root / Compile / compileIncremental 5s

  | => root / Compile / compileIncremental 6s

  | => root / Compile / compileIncremental 7s

  | => root / Compile / compile 0s
[info] running pl.tomaszgigiel.everythingeverywhereallatonce.SimpleScalaApp src/test/resources/custom.edn
18:37:49.961 [sbt-bg-threads-1] INFO SimpleScalaApp - SimpleScalaApp: ok
[32msuccess] Total time: 13 s, completed Oct 17, 2022, 6:37:49 PM
/home/tomasz/Documents/workspace/everything-everywhere-all-at-once
/home/tomasz/Documents/workspace/everything-everywhere-all-at-once
[info] welcome to sbt 1.7.2 (Oracle Corporation Java 17.0.2)
[info] loading global plugins from /home/tomasz/.sbt/1.0/plugins

  | => global-plugins / otherResolvers 0s

  | => <anon-23706db8> 0s
[info] loading settings for project everything-everywhere-all-at-once-build from plugins.sbt ...
[info] loading project definition from /home/tomasz/Documents/workspace/everything-everywhere-all-at-once/project

  | => everything-everywhere-all-at-once-build / update 0s
[info] loading settings for project root from build.sbt ...
[info] set current project to everything-everywhere-all-at-once (in build file:/home/tomasz/Documents/workspace/everything-everywhere-all-at-once/)
[32msuccess] Total time: 0 s, completed Oct 17, 2022, 6:37:59 PM

  | => root / dependencyPositions 0s

  | => root / scalaCompilerBridgeBinaryJar 0s
  | => root / update 0s

  | => root / scalaCompilerBridgeBinaryJar 1s
  | => root / update 1s

  | => root / scalaCompilerBridgeBinaryJar 2s
  | => root / update 2s
[info] compiling 1 Scala source and 5 Java sources to /home/tomasz/Documents/workspace/everything-everywhere-all-at-once/target/scala-3.2.0/classes ...

  | => root / Compile / compileIncremental 0s

  | => root / Compile / compileIncremental 0s

  | => root / Compile / compileIncremental 1s

  | => root / Compile / compileIncremental 2s

  | => root / Compile / compileIncremental 3s

  | => root / Compile / compileIncremental 4s

  | => root / Compile / compileIncremental 5s

  | => root / Compile / compileIncremental 6s

  | => root / Compile / compile 0s

  | => root / Compile / bgRunMain 0s
[info] running pl.tomaszgigiel.everythingeverywhereallatonce.SimpleScalaApp First Second
18:38:11.943 [sbt-bg-threads-1] INFO SimpleScalaApp - SimpleScalaApp: ok
[32msuccess] Total time: 12 s, completed Oct 17, 2022, 6:38:11 PM
/home/tomasz/Documents/workspace/everything-everywhere-all-at-once
/home/tomasz/Documents/workspace/everything-everywhere-all-at-once
[info] welcome to sbt 1.7.2 (Oracle Corporation Java 17.0.2)
[info] loading global plugins from /home/tomasz/.sbt/1.0/plugins

  | => global-plugins / otherResolvers 0s

  | => global-plugins / dependencyPositions 0s
  | => global-plugins / otherResolvers 0s


  | => <anon-4e17913b> 0s
[info] loading settings for project everything-everywhere-all-at-once-build from plugins.sbt ...
[info] loading project definition from /home/tomasz/Documents/workspace/everything-everywhere-all-at-once/project

  | => everything-everywhere-all-at-once-build / update 0s
[info] loading settings for project root from build.sbt ...
[info] set current project to everything-everywhere-all-at-once (in build file:/home/tomasz/Documents/workspace/everything-everywhere-all-at-once/)
[32msuccess] Total time: 0 s, completed Oct 17, 2022, 6:38:21 PM

  | => root / dependencyPositions 0s

  | => root / scalaCompilerBridgeBinaryJar 0s
  | => root / update 0s

  | => root / scalaCompilerBridgeBinaryJar 1s
  | => root / update 1s

  | => root / scalaCompilerBridgeBinaryJar 2s
  | => root / update 2s
[info] compiling 1 Scala source and 5 Java sources to /home/tomasz/Documents/workspace/everything-everywhere-all-at-once/target/scala-3.2.0/classes ...

  | => root / Compile / compileIncremental 0s

  | => root / Compile / compileIncremental 0s

  | => root / Compile / compileIncremental 1s

  | => root / Compile / compileIncremental 2s

  | => root / Compile / compileIncremental 3s

  | => root / Compile / compileIncremental 4s

  | => root / Compile / compileIncremental 5s

  | => root / Compile / compileIncremental 6s

  | => root / Compile / compileIncremental 7s
[info] compiling 1 Scala source and 4 Java sources to /home/tomasz/Documents/workspace/everything-everywhere-all-at-once/target/scala-3.2.0/test-classes ...

  | => root / Compile / compileIncremental 7s
[info] Including: jollyday-0.4.9.jar

  | => root / Compile / compileIncremental 7s
[info] Including: fs2-core_3-3.2.4.jar

  | => root / Compile / compileIncremental 7s

  | => root / assembly / assembledMappings 0s
  | => root / Test / dependencyClasspathFiles / outputFileStamps 0s
[info] Including: scala3-library_3-3.2.0.jar

  | => root / assembly / assembledMappings 0s
  | => root / Test / dependencyClasspathFiles / outputFileStamps 0s
[info] Including: ejml-simple-0.39.jar

  | => root / assembly / assembledMappings 0s
  | => root / Test / dependencyClasspathFiles / outputFileStamps 0s
[info] Including: javax.json-1.0.4.jar

  | => root / assembly / assembledMappings 0s
  | => root / Test / dependencyClasspathFiles / outputFileStamps 0s
[info] Including: lucene-queryparser-7.5.0.jar

  | => root / assembly / assembledMappings 0s
  | => root / Test / dependencyClasspathFiles / outputFileStamps 0s
[info] Including: protobuf-java-3.19.2.jar

  | => root / assembly / assembledMappings 0s
  | => root / Test / dependencyClasspathFiles / outputFileStamps 0s
[info] Including: cats-free_3-2.7.0.jar

  | => root / assembly / assembledMappings 0s
  | => root / Test / dependencyClasspathFiles / outputFileStamps 0s
[info] Including: lucene-analyzers-common-7.5.0.jar

  | => root / assembly / assembledMappings 0s
  | => root / Test / dependencyClasspathFiles / outputFileStamps 0s
[info] Including: lucene-queries-7.5.0.jar

  | => root / assembly / assembledMappings 0s
  | => root / Test / dependencyClasspathFiles / outputFileStamps 0s
[info] Including: cats-core_3-2.8.0.jar

  | => root / assembly / assembledMappings 0s
  | => root / Test / dependencyClasspathFiles / outputFileStamps 0s
[info] Including: lucene-sandbox-7.5.0.jar

  | => root / assembly / assembledMappings 0s
  | => root / Test / dependencyClasspathFiles / outputFileStamps 0s
[info] Including: javax.activation-api-1.2.0.jar

  | => root / assembly / assembledMappings 0s
  | => root / Test / dependencyClasspathFiles / outputFileStamps 0s
[info] Including: xercesImpl-2.8.0.jar

  | => root / assembly / assembledMappings 0s
  | => root / Test / dependencyClasspathFiles / outputFileStamps 0s
[info] Including: jaxb-api-2.4.0-b180830.0359.jar

  | => root / assembly / assembledMappings 0s
  | => root / Test / dependencyClasspathFiles / outputFileStamps 0s
[info] Including: istack-commons-runtime-3.0.7.jar

  | => root / assembly / assembledMappings 0s
  | => root / Test / dependencyClasspathFiles / outputFileStamps 0s
[info] Including: jaxb-impl-2.4.0-b180830.0438.jar

  | => root / assembly / assembledMappings 0s
  | => root / Test / dependencyClasspathFiles / outputFileStamps 0s
[info] Including: lucene-core-7.5.0.jar

  | => root / assembly / assembledMappings 0s
  | => root / Test / dependencyClasspathFiles / outputFileStamps 0s

  | => root / Test / compileIncremental 1s
  | => root / assembly / assembledMappings 1s
[info] Including: json-simple-1.1.1.jar

  | => root / Test / compileIncremental 1s
  | => root / assembly / assembledMappings 1s
[info] Including: xalan-2.7.2.jar

  | => root / Test / compileIncremental 1s
  | => root / assembly / assembledMappings 1s
[info] Including: bson-3.8.0.jar

  | => root / Test / compileIncremental 1s
  | => root / assembly / assembledMappings 1s
[info] Including: javax.servlet-api-3.0.1.jar

  | => root / Test / compileIncremental 1s
  | => root / assembly / assembledMappings 1s
[info] Including: xom-1.3.7.jar

  | => root / Test / compileIncremental 1s
  | => root / assembly / assembledMappings 1s
[info] Including: joda-time-2.10.5.jar

  | => root / Test / compileIncremental 1s
  | => root / assembly / assembledMappings 1s
[info] Including: stanford-corenlp-4.5.1.jar

  | => root / Test / compileIncremental 1s
  | => root / assembly / assembledMappings 1s
[info] Including: ejml-core-0.39.jar

  | => root / Test / compileIncremental 1s
  | => root / assembly / assembledMappings 1s

  | => root / Test / compileIncremental 2s
  | => root / assembly / assembledMappings 2s
[info] Including: ejml-ddense-0.39.jar

  | => root / Test / compileIncremental 2s
  | => root / assembly / assembledMappings 2s
[info] Including: jsr305-3.0.2.jar

  | => root / Test / compileIncremental 2s
  | => root / assembly / assembledMappings 2s
[info] Including: ejml-fdense-0.39.jar

  | => root / Test / compileIncremental 2s
  | => root / assembly / assembledMappings 2s
[info] Including: scala-collection-compat_3-2.6.0.jar

  | => root / Test / compileIncremental 2s
  | => root / assembly / assembledMappings 2s
[info] Including: typename_3-1.0.0.jar

  | => root / Test / compileIncremental 2s
  | => root / assembly / assembledMappings 2s
[info] Including: ejml-cdense-0.39.jar

  | => root / Test / compileIncremental 2s
  | => root / assembly / assembledMappings 2s
[info] Including: cats-effect_3-3.4-389-3862cf0.jar

  | => root / Test / compileIncremental 2s
  | => root / assembly / assembledMappings 2s
[info] Including: ejml-zdense-0.39.jar

  | => root / Test / compileIncremental 2s
  | => root / assembly / assembledMappings 2s
[info] Including: h2-1.4.200.jar

  | => root / Test / compileIncremental 2s
  | => root / assembly / assembledMappings 2s
[info] Including: ejml-dsparse-0.39.jar

  | => root / Test / compileIncremental 2s
  | => root / assembly / assembledMappings 2s
[info] Including: ejml-fsparse-0.39.jar

  | => root / Test / compileIncremental 2s
  | => root / assembly / assembledMappings 2s
[info] Including: junit-4.10.jar

  | => root / Test / compileIncremental 2s
  | => root / assembly / assembledMappings 2s
[info] Including: commons-collections4-4.4.jar

  | => root / Test / compileIncremental 2s
  | => root / assembly / assembledMappings 2s
[info] Including: scodec-bits_3-1.1.30.jar

  | => root / Test / compileIncremental 2s
  | => root / assembly / assembledMappings 2s
[info] Including: simulacrum-scalafix-annotations_3-0.5.4.jar

  | => root / Test / compileIncremental 2s
  | => root / assembly / assembledMappings 2s
[33mwarn] Negative time

  | => root / Test / compileIncremental 2s
  | => root / assembly / assembledMappings 2s
[33mwarn] Negative time

  | => root / Test / compileIncremental 2s
  | => root / assembly / assembledMappings 2s
[33mwarn] Negative time

  | => root / Test / compileIncremental 2s
  | => root / assembly / assembledMappings 2s
[33mwarn] Negative time

  | => root / Test / compileIncremental 2s
  | => root / assembly / assembledMappings 2s
[33mwarn] Negative time

  | => root / Test / compileIncremental 2s
  | => root / assembly / assembledMappings 2s
[33mwarn] Negative time

  | => root / Test / compileIncremental 2s
  | => root / assembly / assembledMappings 2s
[33mwarn] Negative time

  | => root / Test / compileIncremental 2s
  | => root / assembly / assembledMappings 2s
[33mwarn] Negative time

  | => root / Test / compileIncremental 2s
  | => root / assembly / assembledMappings 2s
[33mwarn] Negative time

  | => root / Test / compileIncremental 2s
  | => root / assembly / assembledMappings 2s
[33mwarn] Negative time

  | => root / Test / compileIncremental 2s
  | => root / assembly / assembledMappings 2s
[info] Including: xml-apis-1.3.04.jar

  | => root / Test / compileIncremental 2s
  | => root / assembly / assembledMappings 2s
[info] Including: commons-io-2.11.0.jar

  | => root / Test / compileIncremental 2s
  | => root / assembly / assembledMappings 2s
[info] Including: commons-lang3-3.12.0.jar

  | => root / Test / compileIncremental 2s
  | => root / assembly / assembledMappings 2s
[info] Including: serializer-2.7.2.jar

  | => root / Test / compileIncremental 2s
  | => root / assembly / assembledMappings 2s
[info] Including: hamcrest-core-1.1.jar

  | => root / Test / compileIncremental 2s
  | => root / assembly / assembledMappings 2s
[info] Including: HikariCP-4.0.3.jar

  | => root / Test / compileIncremental 2s
  | => root / assembly / assembledMappings 2s
[info] Including: commons-codec-1.15.jar

  | => root / Test / compileIncremental 2s
  | => root / assembly / assembledMappings 2s
[info] Including: slf4j-api-2.0.1.jar

  | => root / Test / compileIncremental 2s
  | => root / assembly / assembledMappings 2s
[info] Including: jopt-simple-5.0.4.jar

  | => root / Test / compileIncremental 2s
  | => root / assembly / assembledMappings 2s
[info] Including: scala-library-2.13.8.jar

  | => root / Test / compileIncremental 2s
  | => root / assembly / assembledMappings 2s
[info] Including: commons-compress-1.21.jar

  | => root / Test / compileIncremental 2s
  | => root / assembly / assembledMappings 2s
[info] Including: commons-math3-3.2.jar

  | => root / Test / compileIncremental 2s
  | => root / assembly / assembledMappings 2s

  | => root / Test / compileIncremental 3s
  | => root / assembly / assembledMappings 3s
[info] Including: doobie-core_3-1.0.0-RC2.jar

  | => root / Test / compileIncremental 3s
  | => root / assembly / assembledMappings 3s
[info] Including: logback-core-1.4.4.jar

  | => root / Test / compileIncremental 3s
  | => root / assembly / assembledMappings 3s
[info] Including: doobie-h2_3-1.0.0-RC2.jar

  | => root / Test / compileIncremental 3s
  | => root / assembly / assembledMappings 3s
[info] Including: doobie-hikari_3-1.0.0-RC2.jar

  | => root / Test / compileIncremental 3s
  | => root / assembly / assembledMappings 3s
[info] Including: freemarker-2.3.31.jar

  | => root / Test / compileIncremental 3s
  | => root / assembly / assembledMappings 3s
[info] Including: AppleJavaExtensions-1.4.jar

  | => root / Test / compileIncremental 3s
  | => root / assembly / assembledMappings 3s
[info] Including: config-1.4.2.jar

  | => root / Test / compileIncremental 3s
  | => root / assembly / assembledMappings 3s
[info] Including: zt-zip-1.15.jar

  | => root / Test / compileIncremental 3s
  | => root / assembly / assembledMappings 3s
[info] Including: jdbc-4.50.8.jar

  | => root / Test / compileIncremental 3s
  | => root / assembly / assembledMappings 3s
[info] Including: cats-effect-kernel_3-3.4-389-3862cf0.jar

  | => root / Test / compileIncremental 3s
  | => root / assembly / assembledMappings 3s
[info] Including: cats-effect-std_3-3.4-389-3862cf0.jar

  | => root / Test / compileIncremental 3s
  | => root / assembly / assembledMappings 3s
[info] Including: jmh-core-1.35.jar

  | => root / Test / compileIncremental 3s
  | => root / assembly / assembledMappings 3s
[info] Including: cats-kernel_3-2.8.0.jar

  | => root / Test / compileIncremental 3s
  | => root / assembly / assembledMappings 3s
[info] Including: jmh-generator-annprocess-1.35.jar

  | => root / Test / compileIncremental 3s
  | => root / assembly / assembledMappings 3s

  | => root / Test / compileIncremental 4s
  | => root / assembly / assembledMappings 4s
[info] Including: doobie-free_3-1.0.0-RC2.jar

  | => root / Test / compileIncremental 4s
  | => root / assembly / assembledMappings 4s
[info] Including: log4j-core-2.19.0.jar

  | => root / Test / compileIncremental 4s
  | => root / assembly / assembledMappings 4s
[info] Including: log4j-api-2.19.0.jar

  | => root / Test / compileIncremental 4s
  | => root / assembly / assembledMappings 4s
[info] Including: logback-classic-1.4.4.jar

  | => root / Test / compileIncremental 4s
  | => root / assembly / assembledMappings 4s
[info] Including: scala-logging_3-3.9.5.jar

  | => root / Test / compileIncremental 4s
  | => root / assembly / assembledMappings 4s

  | => root / Test / compileIncremental 5s
  | => root / assembly / assembledMappings 5s


  | => root / Test / compileIncremental 5s


  | => root / Test / executeTests 0s
[info] [32mSimpleScalaAppSuite:

  | => root / Test / executeTests 0s
[info] [32m- ok

  | => root / Test / executeTests 0s
[info] [36mRun completed in 443 milliseconds.

  | => root / Test / executeTests 0s
[info] [36mTotal number of tests run: 1

  | => root / Test / executeTests 0s
[info] [36mSuites: completed 1, aborted 0

  | => root / Test / executeTests 0s
[info] [36mTests: succeeded 1, failed 0, canceled 0, ignored 0, pending 0

  | => root / Test / executeTests 0s
[info] [32mAll tests passed.

  | => root / Test / executeTests 0s
[info] Checking every *.class/*.jar file's SHA-1.

  | => root / Test / executeTests 0s

  | => root / assembly 0s
[info] Merging files...

  | => root / assembly 0s
[33mwarn] Merging 'NOTICE' with strategy 'rename'

  | => root / assembly 0s
[33mwarn] Merging 'META-INF/NOTICE.txt' with strategy 'rename'

  | => root / assembly 0s
[33mwarn] Merging 'license/NOTICE' with strategy 'rename'

  | => root / assembly 0s
[33mwarn] Merging 'META-INF/NOTICE' with strategy 'rename'

  | => root / assembly 0s
[33mwarn] Merging 'license' with strategy 'rename'

  | => root / assembly 0s

  | => root / assembly 0s
[33mwarn] Merging 'license/LICENSE' with strategy 'rename'

  | => root / assembly 0s
[33mwarn] Merging 'META-INF/LICENSE.txt' with strategy 'rename'

  | => root / assembly 0s
[33mwarn] Merging 'LICENSE.txt' with strategy 'rename'

  | => root / assembly 0s
[33mwarn] Merging 'META-INF/LICENSE' with strategy 'rename'

  | => root / assembly 0s
[33mwarn] Merging 'LICENSE' with strategy 'rename'

  | => root / assembly 0s
[33mwarn] Merging 'META-INF/DEPENDENCIES' with strategy 'discard'

  | => root / assembly 0s
[33mwarn] Merging 'META-INF/INDEX.LIST' with strategy 'discard'

  | => root / assembly 0s
[33mwarn] Merging 'META-INF/MANIFEST.MF' with strategy 'discard'

  | => root / assembly 0s
[33mwarn] Merging 'META-INF/maven/ch.qos.logback/logback-classic/pom.properties' with strategy 'discard'

  | => root / assembly 0s
[33mwarn] Merging 'META-INF/maven/ch.qos.logback/logback-classic/pom.xml' with strategy 'discard'

  | => root / assembly 0s
[33mwarn] Merging 'META-INF/maven/ch.qos.logback/logback-core/pom.properties' with strategy 'discard'

  | => root / assembly 0s
[33mwarn] Merging 'META-INF/maven/ch.qos.logback/logback-core/pom.xml' with strategy 'discard'

  | => root / assembly 0s
[33mwarn] Merging 'META-INF/maven/com.google.code.findbugs/jsr305/pom.properties' with strategy 'discard'

  | => root / assembly 0s
[33mwarn] Merging 'META-INF/maven/com.google.code.findbugs/jsr305/pom.xml' with strategy 'discard'

  | => root / assembly 0s
[33mwarn] Merging 'META-INF/maven/com.google.protobuf/protobuf-java/pom.properties' with strategy 'discard'

  | => root / assembly 0s
[33mwarn] Merging 'META-INF/maven/com.google.protobuf/protobuf-java/pom.xml' with strategy 'discard'

  | => root / assembly 0s
[33mwarn] Merging 'META-INF/maven/com.googlecode.json-simple/json-simple/pom.properties' with strategy 'discard'

  | => root / assembly 0s
[33mwarn] Merging 'META-INF/maven/com.googlecode.json-simple/json-simple/pom.xml' with strategy 'discard'

  | => root / assembly 0s
[33mwarn] Merging 'META-INF/maven/com.sun.istack/istack-commons-runtime/pom.properties' with strategy 'discard'

  | => root / assembly 0s
[33mwarn] Merging 'META-INF/maven/com.sun.istack/istack-commons-runtime/pom.xml' with strategy 'discard'

  | => root / assembly 0s
[33mwarn] Merging 'META-INF/maven/com.sun.xml.bind/jaxb-impl/pom.properties' with strategy 'discard'

  | => root / assembly 0s
[33mwarn] Merging 'META-INF/maven/com.sun.xml.bind/jaxb-impl/pom.xml' with strategy 'discard'

  | => root / assembly 0s
[33mwarn] Merging 'META-INF/maven/com.zaxxer/HikariCP/pom.properties' with strategy 'discard'

  | => root / assembly 0s
[33mwarn] Merging 'META-INF/maven/com.zaxxer/HikariCP/pom.xml' with strategy 'discard'

  | => root / assembly 0s
[33mwarn] Merging 'META-INF/maven/commons-codec/commons-codec/pom.properties' with strategy 'discard'

  | => root / assembly 0s
[33mwarn] Merging 'META-INF/maven/commons-codec/commons-codec/pom.xml' with strategy 'discard'

  | => root / assembly 0s
[33mwarn] Merging 'META-INF/maven/commons-io/commons-io/pom.properties' with strategy 'discard'

  | => root / assembly 0s
[33mwarn] Merging 'META-INF/maven/commons-io/commons-io/pom.xml' with strategy 'discard'

  | => root / assembly 0s
[33mwarn] Merging 'META-INF/maven/de.jollyday/jollyday/pom.properties' with strategy 'discard'

  | => root / assembly 0s
[33mwarn] Merging 'META-INF/maven/de.jollyday/jollyday/pom.xml' with strategy 'discard'

  | => root / assembly 0s
[33mwarn] Merging 'META-INF/maven/javax.activation/javax.activation-api/pom.properties' with strategy 'discard'

  | => root / assembly 0s
[33mwarn] Merging 'META-INF/maven/javax.activation/javax.activation-api/pom.xml' with strategy 'discard'

  | => root / assembly 0s
[33mwarn] Merging 'META-INF/maven/javax.servlet/javax.servlet-api/pom.properties' with strategy 'discard'

  | => root / assembly 0s
[33mwarn] Merging 'META-INF/maven/javax.servlet/javax.servlet-api/pom.xml' with strategy 'discard'

  | => root / assembly 0s
[33mwarn] Merging 'META-INF/maven/javax.xml.bind/jaxb-api/pom.properties' with strategy 'discard'

  | => root / assembly 0s
[33mwarn] Merging 'META-INF/maven/javax.xml.bind/jaxb-api/pom.xml' with strategy 'discard'

  | => root / assembly 0s
[33mwarn] Merging 'META-INF/maven/joda-time/joda-time/pom.properties' with strategy 'discard'

  | => root / assembly 0s
[33mwarn] Merging 'META-INF/maven/joda-time/joda-time/pom.xml' with strategy 'discard'

  | => root / assembly 0s
[33mwarn] Merging 'META-INF/maven/net.sf.jopt-simple/jopt-simple/pom.properties' with strategy 'discard'

  | => root / assembly 0s
[33mwarn] Merging 'META-INF/maven/net.sf.jopt-simple/jopt-simple/pom.xml' with strategy 'discard'

  | => root / assembly 0s
[33mwarn] Merging 'META-INF/maven/org.apache.commons/commons-collections4/pom.properties' with strategy 'discard'

  | => root / assembly 0s
[33mwarn] Merging 'META-INF/maven/org.apache.commons/commons-collections4/pom.xml' with strategy 'discard'

  | => root / assembly 0s
[33mwarn] Merging 'META-INF/maven/org.apache.commons/commons-compress/pom.properties' with strategy 'discard'

  | => root / assembly 0s
[33mwarn] Merging 'META-INF/maven/org.apache.commons/commons-compress/pom.xml' with strategy 'discard'

  | => root / assembly 0s
[33mwarn] Merging 'META-INF/maven/org.apache.commons/commons-lang3/pom.properties' with strategy 'discard'

  | => root / assembly 0s
[33mwarn] Merging 'META-INF/maven/org.apache.commons/commons-lang3/pom.xml' with strategy 'discard'

  | => root / assembly 0s
[33mwarn] Merging 'META-INF/maven/org.apache.commons/commons-math3/pom.properties' with strategy 'discard'

  | => root / assembly 0s
[33mwarn] Merging 'META-INF/maven/org.apache.commons/commons-math3/pom.xml' with strategy 'discard'

  | => root / assembly 0s
[33mwarn] Merging 'META-INF/maven/org.apache.logging.log4j/log4j-api/pom.properties' with strategy 'discard'

  | => root / assembly 0s
[33mwarn] Merging 'META-INF/maven/org.apache.logging.log4j/log4j-api/pom.xml' with strategy 'discard'

  | => root / assembly 0s
[33mwarn] Merging 'META-INF/maven/org.apache.logging.log4j/log4j-core/pom.properties' with strategy 'discard'

  | => root / assembly 0s
[33mwarn] Merging 'META-INF/maven/org.apache.logging.log4j/log4j-core/pom.xml' with strategy 'discard'

  | => root / assembly 0s
[33mwarn] Merging 'META-INF/maven/org.glassfish.jaxb/jaxb-runtime/pom.properties' with strategy 'discard'

  | => root / assembly 0s
[33mwarn] Merging 'META-INF/maven/org.glassfish.jaxb/jaxb-runtime/pom.xml' with strategy 'discard'

  | => root / assembly 0s
[33mwarn] Merging 'META-INF/maven/org.glassfish/javax.json/pom.properties' with strategy 'discard'

  | => root / assembly 0s
[33mwarn] Merging 'META-INF/maven/org.glassfish/javax.json/pom.xml' with strategy 'discard'

  | => root / assembly 0s
[33mwarn] Merging 'META-INF/maven/org.hamcrest/hamcrest-core/pom.properties' with strategy 'discard'

  | => root / assembly 0s
[33mwarn] Merging 'META-INF/maven/org.hamcrest/hamcrest-core/pom.xml' with strategy 'discard'

  | => root / assembly 0s
[33mwarn] Merging 'META-INF/maven/org.openjdk.jmh/jmh-core/pom.properties' with strategy 'discard'

  | => root / assembly 0s
[33mwarn] Merging 'META-INF/maven/org.openjdk.jmh/jmh-core/pom.xml' with strategy 'discard'

  | => root / assembly 0s
[33mwarn] Merging 'META-INF/maven/org.openjdk.jmh/jmh-generator-annprocess/pom.properties' with strategy 'discard'

  | => root / assembly 0s
[33mwarn] Merging 'META-INF/maven/org.openjdk.jmh/jmh-generator-annprocess/pom.xml' with strategy 'discard'

  | => root / assembly 0s
[33mwarn] Merging 'META-INF/maven/org.slf4j/slf4j-api/pom.properties' with strategy 'discard'

  | => root / assembly 0s
[33mwarn] Merging 'META-INF/maven/org.slf4j/slf4j-api/pom.xml' with strategy 'discard'

  | => root / assembly 0s
[33mwarn] Merging 'META-INF/services/java.sql.Driver' with strategy 'filterDistinctLines'

  | => root / assembly 0s
[33mwarn] Merging 'META-INF/services/javax.annotation.processing.Processor' with strategy 'filterDistinctLines'

  | => root / assembly 0s
[33mwarn] Merging 'META-INF/services/org.apache.lucene.codecs.PostingsFormat' with strategy 'filterDistinctLines'

  | => root / assembly 0s
[33mwarn] Merging 'META-INF/versions/11/module-info.class' with strategy 'discard'

  | => root / assembly 0s
[33mwarn] Merging 'META-INF/versions/9/module-info.class' with strategy 'discard'

  | => root / assembly 0s

  | => root / assembly 1s
[33mwarn] Merging 'module-info.class' with strategy 'discard'

  | => root / assembly 1s
[info] Strategy 'deduplicate' was applied to 22 files (Run the task at debug level to see details)

  | => root / assembly 1s
[33mwarn] Strategy 'discard' was applied to 62 files

  | => root / assembly 1s
[33mwarn] Strategy 'filterDistinctLines' was applied to 3 files

  | => root / assembly 1s
[33mwarn] Strategy 'rename' was applied to 10 files

  | => root / assembly 1s
[info] SHA-1: 0bcd3c1a93788d5963e2aca5279078e5d750d485

  | => root / assembly 1s
[33mwarn] Ignored unknown package option FixedTimestamp(Some(1262304000000))

  | => root / assembly 1s

  | => root / assembly 2s

  | => root / assembly 3s

  | => root / assembly 4s

  | => root / assembly 5s

  | => root / assembly 6s

  | => root / assembly 7s

  | => root / assembly 8s

  | => root / assembly 9s

  | => root / assembly 10s
[32msuccess] Total time: 30 s, completed Oct 17, 2022, 6:38:51 PM
18:38:51.963 [main] INFO SimpleScalaApp - SimpleScalaApp: ok
/home/tomasz/Documents/workspace/everything-everywhere-all-at-once
/home/tomasz/Documents/workspace/everything-everywhere-all-at-once
[info] welcome to sbt 1.7.2 (Oracle Corporation Java 17.0.2)
[info] loading global plugins from /home/tomasz/.sbt/1.0/plugins

  | => global-plugins / otherResolvers 0s

  | => global-plugins / Compile / compileIncremental 0s

  | => <anon-205bed61> 0s
[info] loading settings for project everything-everywhere-all-at-once-build from plugins.sbt ...
[info] loading project definition from /home/tomasz/Documents/workspace/everything-everywhere-all-at-once/project

  | => everything-everywhere-all-at-once-build / Compile / compileIncremental 0s
[info] loading settings for project root from build.sbt ...
[info] set current project to everything-everywhere-all-at-once (in build file:/home/tomasz/Documents/workspace/everything-everywhere-all-at-once/)

  | => root / clean 0s

  | => root / clean 0s
[32msuccess] Total time: 2 s, completed Oct 17, 2022, 6:39:02 PM

  | => root / scalaCompilerBridgeBinaryJar 0s
  | => root / update 0s
  | => root / Test / copyResources 0s
[4A

  | => root / scalaCompilerBridgeBinaryJar 0s
  | => root / update 0s
[4A

  | => root / scalaCompilerBridgeBinaryJar 1s
  | => root / update 1s
[4A

  | => root / scalaCompilerBridgeBinaryJar 2s
  | => root / update 2s
[4A


  | => root / update 3s
[4A[info] compiling 1 Scala source and 5 Java sources to /home/tomasz/Documents/workspace/everything-everywhere-all-at-once/target/scala-3.2.0/classes ...

  | => root / update 3s

  | => root / Compile / compileIncremental 0s

  | => root / Compile / compileIncremental 1s

  | => root / Compile / compileIncremental 2s

  | => root / Compile / compileIncremental 3s

  | => root / Compile / compileIncremental 4s

  | => root / Compile / compileIncremental 5s

  | => root / Compile / compileIncremental 6s

  | => root / Compile / compile 0s
[info] compiling 1 Scala source and 4 Java sources to /home/tomasz/Documents/workspace/everything-everywhere-all-at-once/target/scala-3.2.0/test-classes ...

  | => root / Compile / compile 0s
[info] Including: scala-collection-compat_3-2.6.0.jar

  | => root / Compile / compile 0s
[info] Including: jollyday-0.4.9.jar

  | => root / Compile / compile 0s
[info] Including: scala3-library_3-3.2.0.jar

  | => root / Compile / compile 0s
[info] Including: typename_3-1.0.0.jar

  | => root / Compile / compile 0s
[info] Including: h2-1.4.200.jar

  | => root / Compile / compile 0s
[info] Including: lucene-queryparser-7.5.0.jar

  | => root / Compile / compile 0s
[info] Including: stanford-corenlp-4.5.1.jar

  | => root / Compile / compile 0s
[info] Including: lucene-analyzers-common-7.5.0.jar

  | => root / Compile / compile 0s
[info] Including: cats-core_3-2.8.0.jar

  | => root / Compile / compile 0s

  | => root / Test / compileIncremental 0s
  | => root / assembly / assembledMappings 0s
[info] Including: HikariCP-4.0.3.jar

  | => root / Test / compileIncremental 0s
  | => root / assembly / assembledMappings 0s
[info] Including: slf4j-api-2.0.1.jar

  | => root / Test / compileIncremental 0s
  | => root / assembly / assembledMappings 0s
[info] Including: jopt-simple-5.0.4.jar

  | => root / Test / compileIncremental 0s
  | => root / assembly / assembledMappings 0s
[info] Including: commons-math3-3.2.jar

  | => root / Test / compileIncremental 0s
  | => root / assembly / assembledMappings 0s
[info] Including: lucene-core-7.5.0.jar

  | => root / Test / compileIncremental 0s
  | => root / assembly / assembledMappings 0s
[info] Including: logback-core-1.4.4.jar

  | => root / Test / compileIncremental 0s
  | => root / assembly / assembledMappings 0s
[info] Including: AppleJavaExtensions-1.4.jar

  | => root / Test / compileIncremental 0s
  | => root / assembly / assembledMappings 0s
[info] Including: scala-library-2.13.8.jar

  | => root / Test / compileIncremental 0s
  | => root / assembly / assembledMappings 0s

  | => root / Test / compileIncremental 1s
  | => root / assembly / assembledMappings 1s
[info] Including: javax.servlet-api-3.0.1.jar

  | => root / Test / compileIncremental 1s
  | => root / assembly / assembledMappings 1s
[info] Including: xom-1.3.7.jar

  | => root / Test / compileIncremental 1s
  | => root / assembly / assembledMappings 1s
[info] Including: config-1.4.2.jar

  | => root / Test / compileIncremental 1s
  | => root / assembly / assembledMappings 1s
[info] Including: joda-time-2.10.5.jar

  | => root / Test / compileIncremental 1s
  | => root / assembly / assembledMappings 1s
[info] Including: zt-zip-1.15.jar

  | => root / Test / compileIncremental 1s
  | => root / assembly / assembledMappings 1s
[info] Including: jdbc-4.50.8.jar

  | => root / Test / compileIncremental 1s
  | => root / assembly / assembledMappings 1s
[info] Including: cats-effect_3-3.4-389-3862cf0.jar

  | => root / Test / compileIncremental 1s
  | => root / assembly / assembledMappings 1s
[info] Including: ejml-core-0.39.jar

  | => root / Test / compileIncremental 1s
  | => root / assembly / assembledMappings 1s
[info] Including: commons-collections4-4.4.jar

  | => root / Test / compileIncremental 1s
  | => root / assembly / assembledMappings 1s
[info] Including: cats-effect-kernel_3-3.4-389-3862cf0.jar

  | => root / Test / compileIncremental 1s
  | => root / assembly / assembledMappings 1s
[info] Including: ejml-ddense-0.39.jar

  | => root / Test / compileIncremental 1s
  | => root / assembly / assembledMappings 1s
[info] Including: ejml-simple-0.39.jar

  | => root / Test / compileIncremental 1s
  | => root / assembly / assembledMappings 1s
[info] Including: javax.json-1.0.4.jar

  | => root / Test / compileIncremental 1s
  | => root / assembly / assembledMappings 1s
[info] Including: commons-io-2.11.0.jar

  | => root / Test / compileIncremental 1s
  | => root / assembly / assembledMappings 1s
[info] Including: cats-effect-std_3-3.4-389-3862cf0.jar

  | => root / Test / compileIncremental 1s
  | => root / assembly / assembledMappings 1s
[info] Including: protobuf-java-3.19.2.jar

  | => root / Test / compileIncremental 1s
  | => root / assembly / assembledMappings 1s
[info] Including: commons-lang3-3.12.0.jar

  | => root / Test / compileIncremental 1s
  | => root / assembly / assembledMappings 1s

  | => root / Test / compileIncremental 2s
  | => root / assembly / assembledMappings 2s
[info] Including: doobie-free_3-1.0.0-RC2.jar

  | => root / Test / compileIncremental 2s
  | => root / assembly / assembledMappings 2s
[info] Including: commons-codec-1.15.jar

  | => root / Test / compileIncremental 2s
  | => root / assembly / assembledMappings 2s
[info] Including: javax.activation-api-1.2.0.jar

  | => root / Test / compileIncremental 2s
  | => root / assembly / assembledMappings 2s
[info] Including: jaxb-api-2.4.0-b180830.0359.jar

  | => root / Test / compileIncremental 2s
  | => root / assembly / assembledMappings 2s
[info] Including: cats-kernel_3-2.8.0.jar

  | => root / Test / compileIncremental 2s
  | => root / assembly / assembledMappings 2s
[info] Including: istack-commons-runtime-3.0.7.jar

  | => root / Test / compileIncremental 2s
  | => root / assembly / assembledMappings 2s
[info] Including: commons-compress-1.21.jar

  | => root / Test / compileIncremental 2s
  | => root / assembly / assembledMappings 2s
[info] Including: jaxb-impl-2.4.0-b180830.0438.jar

  | => root / Test / compileIncremental 2s
  | => root / assembly / assembledMappings 2s
[info] Including: doobie-core_3-1.0.0-RC2.jar

  | => root / Test / compileIncremental 2s
  | => root / assembly / assembledMappings 2s
[info] Including: json-simple-1.1.1.jar

  | => root / Test / compileIncremental 2s
  | => root / assembly / assembledMappings 2s
[info] Including: bson-3.8.0.jar

  | => root / Test / compileIncremental 2s
  | => root / assembly / assembledMappings 2s
[info] Including: doobie-h2_3-1.0.0-RC2.jar

  | => root / Test / compileIncremental 2s
  | => root / assembly / assembledMappings 2s
[info] Including: fs2-core_3-3.2.4.jar

  | => root / Test / compileIncremental 2s
  | => root / assembly / assembledMappings 2s
[info] Including: doobie-hikari_3-1.0.0-RC2.jar

  | => root / Test / compileIncremental 2s
  | => root / assembly / assembledMappings 2s
[info] Including: freemarker-2.3.31.jar

  | => root / Test / compileIncremental 2s
  | => root / assembly / assembledMappings 2s
[info] Including: cats-free_3-2.7.0.jar

  | => root / Test / compileIncremental 2s
  | => root / assembly / assembledMappings 2s

  | => root / Test / compileIncremental 3s
  | => root / assembly / assembledMappings 3s
[info] Including: lucene-queries-7.5.0.jar

  | => root / Test / compileIncremental 3s
  | => root / assembly / assembledMappings 3s
[info] Including: lucene-sandbox-7.5.0.jar

  | => root / Test / compileIncremental 3s
  | => root / assembly / assembledMappings 3s
[info] Including: jmh-core-1.35.jar

  | => root / Test / compileIncremental 3s
  | => root / assembly / assembledMappings 3s
[info] Including: xercesImpl-2.8.0.jar

  | => root / Test / compileIncremental 3s
  | => root / assembly / assembledMappings 3s
[info] Including: jmh-generator-annprocess-1.35.jar

  | => root / Test / compileIncremental 3s
  | => root / assembly / assembledMappings 3s
[info] Including: log4j-core-2.19.0.jar

  | => root / Test / compileIncremental 3s
  | => root / assembly / assembledMappings 3s
[info] Including: xalan-2.7.2.jar

  | => root / Test / compileIncremental 3s
  | => root / assembly / assembledMappings 3s
[info] Including: log4j-api-2.19.0.jar

  | => root / Test / compileIncremental 3s
  | => root / assembly / assembledMappings 3s
[info] Including: jsr305-3.0.2.jar

  | => root / Test / compileIncremental 3s
  | => root / assembly / assembledMappings 3s
[info] Including: ejml-fdense-0.39.jar

  | => root / Test / compileIncremental 3s
  | => root / assembly / assembledMappings 3s
[info] Including: logback-classic-1.4.4.jar

  | => root / Test / compileIncremental 3s
  | => root / assembly / assembledMappings 3s
[info] Including: ejml-cdense-0.39.jar

  | => root / Test / compileIncremental 3s
  | => root / assembly / assembledMappings 3s
[info] Including: scala-logging_3-3.9.5.jar

  | => root / Test / compileIncremental 3s
  | => root / assembly / assembledMappings 3s
[info] Including: ejml-zdense-0.39.jar

  | => root / Test / compileIncremental 3s
  | => root / assembly / assembledMappings 3s
[info] Including: ejml-dsparse-0.39.jar

  | => root / Test / compileIncremental 3s
  | => root / assembly / assembledMappings 3s
[info] Including: ejml-fsparse-0.39.jar

  | => root / Test / compileIncremental 3s
  | => root / assembly / assembledMappings 3s
[info] Including: junit-4.10.jar

  | => root / Test / compileIncremental 3s
  | => root / assembly / assembledMappings 3s
[info] Including: scodec-bits_3-1.1.30.jar

  | => root / Test / compileIncremental 3s
  | => root / assembly / assembledMappings 3s

  | => root / Test / compileIncremental 4s
  | => root / assembly / assembledMappings 4s
[info] Including: simulacrum-scalafix-annotations_3-0.5.4.jar

  | => root / Test / compileIncremental 4s
  | => root / assembly / assembledMappings 4s
[33mwarn] Negative time

  | => root / Test / compileIncremental 4s
  | => root / assembly / assembledMappings 4s
[33mwarn] Negative time

  | => root / Test / compileIncremental 4s
  | => root / assembly / assembledMappings 4s
[33mwarn] Negative time

  | => root / Test / compileIncremental 4s
  | => root / assembly / assembledMappings 4s
[33mwarn] Negative time

  | => root / Test / compileIncremental 4s
  | => root / assembly / assembledMappings 4s
[33mwarn] Negative time

  | => root / Test / compileIncremental 4s
  | => root / assembly / assembledMappings 4s
[33mwarn] Negative time

  | => root / Test / compileIncremental 4s
  | => root / assembly / assembledMappings 4s
[33mwarn] Negative time

  | => root / Test / compileIncremental 4s
  | => root / assembly / assembledMappings 4s
[33mwarn] Negative time

  | => root / Test / compileIncremental 4s
  | => root / assembly / assembledMappings 4s
[33mwarn] Negative time

  | => root / Test / compileIncremental 4s
  | => root / assembly / assembledMappings 4s
[33mwarn] Negative time

  | => root / Test / compileIncremental 4s
  | => root / assembly / assembledMappings 4s
[info] Including: xml-apis-1.3.04.jar

  | => root / Test / compileIncremental 4s
  | => root / assembly / assembledMappings 4s
[info] Including: serializer-2.7.2.jar

  | => root / Test / compileIncremental 4s
  | => root / assembly / assembledMappings 4s
[info] Including: hamcrest-core-1.1.jar

  | => root / Test / compileIncremental 4s
  | => root / assembly / assembledMappings 4s


  | => root / Test / compileIncremental 5s


  | => pl.tomaszgigiel.fibonacci.SimpleScalaAppSuite 0s
[info] [32mSimpleScalaAppSuite:

  | => pl.tomaszgigiel.fibonacci.SimpleScalaAppSuite 0s
[info] [32m- ok

  | => pl.tomaszgigiel.fibonacci.SimpleScalaAppSuite 0s
[info] [36mRun completed in 359 milliseconds.

  | => pl.tomaszgigiel.fibonacci.SimpleScalaAppSuite 0s
[info] [36mTotal number of tests run: 1

  | => pl.tomaszgigiel.fibonacci.SimpleScalaAppSuite 0s
[info] [36mSuites: completed 1, aborted 0

  | => pl.tomaszgigiel.fibonacci.SimpleScalaAppSuite 0s
[info] [36mTests: succeeded 1, failed 0, canceled 0, ignored 0, pending 0

  | => pl.tomaszgigiel.fibonacci.SimpleScalaAppSuite 0s
[info] [32mAll tests passed.

  | => pl.tomaszgigiel.fibonacci.SimpleScalaAppSuite 0s
[info] Checking every *.class/*.jar file's SHA-1.

  | => pl.tomaszgigiel.fibonacci.SimpleScalaAppSuite 0s
[info] Merging files...

  | => pl.tomaszgigiel.fibonacci.SimpleScalaAppSuite 0s
[33mwarn] Merging 'NOTICE' with strategy 'rename'

  | => pl.tomaszgigiel.fibonacci.SimpleScalaAppSuite 0s

  | => root / assembly 0s
[33mwarn] Merging 'META-INF/NOTICE.txt' with strategy 'rename'

  | => root / assembly 0s
[33mwarn] Merging 'license/NOTICE' with strategy 'rename'

  | => root / assembly 0s
[33mwarn] Merging 'META-INF/NOTICE' with strategy 'rename'

  | => root / assembly 0s
[33mwarn] Merging 'license' with strategy 'rename'

  | => root / assembly 0s
[33mwarn] Merging 'license/LICENSE' with strategy 'rename'

  | => root / assembly 0s
[33mwarn] Merging 'META-INF/LICENSE.txt' with strategy 'rename'

  | => root / assembly 0s
[33mwarn] Merging 'LICENSE.txt' with strategy 'rename'

  | => root / assembly 0s
[33mwarn] Merging 'META-INF/LICENSE' with strategy 'rename'

  | => root / assembly 0s
[33mwarn] Merging 'LICENSE' with strategy 'rename'

  | => root / assembly 0s

  | => root / assembly 1s
[33mwarn] Merging 'META-INF/DEPENDENCIES' with strategy 'discard'

  | => root / assembly 1s
[33mwarn] Merging 'META-INF/INDEX.LIST' with strategy 'discard'

  | => root / assembly 1s
[33mwarn] Merging 'META-INF/MANIFEST.MF' with strategy 'discard'

  | => root / assembly 1s
[33mwarn] Merging 'META-INF/maven/ch.qos.logback/logback-classic/pom.properties' with strategy 'discard'

  | => root / assembly 1s
[33mwarn] Merging 'META-INF/maven/ch.qos.logback/logback-classic/pom.xml' with strategy 'discard'

  | => root / assembly 1s
[33mwarn] Merging 'META-INF/maven/ch.qos.logback/logback-core/pom.properties' with strategy 'discard'

  | => root / assembly 1s
[33mwarn] Merging 'META-INF/maven/ch.qos.logback/logback-core/pom.xml' with strategy 'discard'

  | => root / assembly 1s
[33mwarn] Merging 'META-INF/maven/com.google.code.findbugs/jsr305/pom.properties' with strategy 'discard'

  | => root / assembly 1s
[33mwarn] Merging 'META-INF/maven/com.google.code.findbugs/jsr305/pom.xml' with strategy 'discard'

  | => root / assembly 1s
[33mwarn] Merging 'META-INF/maven/com.google.protobuf/protobuf-java/pom.properties' with strategy 'discard'

  | => root / assembly 1s
[33mwarn] Merging 'META-INF/maven/com.google.protobuf/protobuf-java/pom.xml' with strategy 'discard'

  | => root / assembly 1s
[33mwarn] Merging 'META-INF/maven/com.googlecode.json-simple/json-simple/pom.properties' with strategy 'discard'

  | => root / assembly 1s
[33mwarn] Merging 'META-INF/maven/com.googlecode.json-simple/json-simple/pom.xml' with strategy 'discard'

  | => root / assembly 1s
[33mwarn] Merging 'META-INF/maven/com.sun.istack/istack-commons-runtime/pom.properties' with strategy 'discard'

  | => root / assembly 1s
[33mwarn] Merging 'META-INF/maven/com.sun.istack/istack-commons-runtime/pom.xml' with strategy 'discard'

  | => root / assembly 1s
[33mwarn] Merging 'META-INF/maven/com.sun.xml.bind/jaxb-impl/pom.properties' with strategy 'discard'

  | => root / assembly 1s
[33mwarn] Merging 'META-INF/maven/com.sun.xml.bind/jaxb-impl/pom.xml' with strategy 'discard'

  | => root / assembly 1s
[33mwarn] Merging 'META-INF/maven/com.zaxxer/HikariCP/pom.properties' with strategy 'discard'

  | => root / assembly 1s
[33mwarn] Merging 'META-INF/maven/com.zaxxer/HikariCP/pom.xml' with strategy 'discard'

  | => root / assembly 1s
[33mwarn] Merging 'META-INF/maven/commons-codec/commons-codec/pom.properties' with strategy 'discard'

  | => root / assembly 1s
[33mwarn] Merging 'META-INF/maven/commons-codec/commons-codec/pom.xml' with strategy 'discard'

  | => root / assembly 1s
[33mwarn] Merging 'META-INF/maven/commons-io/commons-io/pom.properties' with strategy 'discard'

  | => root / assembly 1s
[33mwarn] Merging 'META-INF/maven/commons-io/commons-io/pom.xml' with strategy 'discard'

  | => root / assembly 1s
[33mwarn] Merging 'META-INF/maven/de.jollyday/jollyday/pom.properties' with strategy 'discard'

  | => root / assembly 1s
[33mwarn] Merging 'META-INF/maven/de.jollyday/jollyday/pom.xml' with strategy 'discard'

  | => root / assembly 1s
[33mwarn] Merging 'META-INF/maven/javax.activation/javax.activation-api/pom.properties' with strategy 'discard'

  | => root / assembly 1s
[33mwarn] Merging 'META-INF/maven/javax.activation/javax.activation-api/pom.xml' with strategy 'discard'

  | => root / assembly 1s
[33mwarn] Merging 'META-INF/maven/javax.servlet/javax.servlet-api/pom.properties' with strategy 'discard'

  | => root / assembly 1s
[33mwarn] Merging 'META-INF/maven/javax.servlet/javax.servlet-api/pom.xml' with strategy 'discard'

  | => root / assembly 1s
[33mwarn] Merging 'META-INF/maven/javax.xml.bind/jaxb-api/pom.properties' with strategy 'discard'

  | => root / assembly 1s
[33mwarn] Merging 'META-INF/maven/javax.xml.bind/jaxb-api/pom.xml' with strategy 'discard'

  | => root / assembly 1s
[33mwarn] Merging 'META-INF/maven/joda-time/joda-time/pom.properties' with strategy 'discard'

  | => root / assembly 1s
[33mwarn] Merging 'META-INF/maven/joda-time/joda-time/pom.xml' with strategy 'discard'

  | => root / assembly 1s
[33mwarn] Merging 'META-INF/maven/net.sf.jopt-simple/jopt-simple/pom.properties' with strategy 'discard'

  | => root / assembly 1s
[33mwarn] Merging 'META-INF/maven/net.sf.jopt-simple/jopt-simple/pom.xml' with strategy 'discard'

  | => root / assembly 1s
[33mwarn] Merging 'META-INF/maven/org.apache.commons/commons-collections4/pom.properties' with strategy 'discard'

  | => root / assembly 1s
[33mwarn] Merging 'META-INF/maven/org.apache.commons/commons-collections4/pom.xml' with strategy 'discard'

  | => root / assembly 1s
[33mwarn] Merging 'META-INF/maven/org.apache.commons/commons-compress/pom.properties' with strategy 'discard'

  | => root / assembly 1s
[33mwarn] Merging 'META-INF/maven/org.apache.commons/commons-compress/pom.xml' with strategy 'discard'

  | => root / assembly 1s
[33mwarn] Merging 'META-INF/maven/org.apache.commons/commons-lang3/pom.properties' with strategy 'discard'

  | => root / assembly 1s
[33mwarn] Merging 'META-INF/maven/org.apache.commons/commons-lang3/pom.xml' with strategy 'discard'

  | => root / assembly 1s
[33mwarn] Merging 'META-INF/maven/org.apache.commons/commons-math3/pom.properties' with strategy 'discard'

  | => root / assembly 1s
[33mwarn] Merging 'META-INF/maven/org.apache.commons/commons-math3/pom.xml' with strategy 'discard'

  | => root / assembly 1s
[33mwarn] Merging 'META-INF/maven/org.apache.logging.log4j/log4j-api/pom.properties' with strategy 'discard'

  | => root / assembly 1s
[33mwarn] Merging 'META-INF/maven/org.apache.logging.log4j/log4j-api/pom.xml' with strategy 'discard'

  | => root / assembly 1s
[33mwarn] Merging 'META-INF/maven/org.apache.logging.log4j/log4j-core/pom.properties' with strategy 'discard'

  | => root / assembly 1s
[33mwarn] Merging 'META-INF/maven/org.apache.logging.log4j/log4j-core/pom.xml' with strategy 'discard'

  | => root / assembly 1s
[33mwarn] Merging 'META-INF/maven/org.glassfish.jaxb/jaxb-runtime/pom.properties' with strategy 'discard'

  | => root / assembly 1s
[33mwarn] Merging 'META-INF/maven/org.glassfish.jaxb/jaxb-runtime/pom.xml' with strategy 'discard'

  | => root / assembly 1s
[33mwarn] Merging 'META-INF/maven/org.glassfish/javax.json/pom.properties' with strategy 'discard'

  | => root / assembly 1s
[33mwarn] Merging 'META-INF/maven/org.glassfish/javax.json/pom.xml' with strategy 'discard'

  | => root / assembly 1s
[33mwarn] Merging 'META-INF/maven/org.hamcrest/hamcrest-core/pom.properties' with strategy 'discard'

  | => root / assembly 1s
[33mwarn] Merging 'META-INF/maven/org.hamcrest/hamcrest-core/pom.xml' with strategy 'discard'

  | => root / assembly 1s
[33mwarn] Merging 'META-INF/maven/org.openjdk.jmh/jmh-core/pom.properties' with strategy 'discard'

  | => root / assembly 1s
[33mwarn] Merging 'META-INF/maven/org.openjdk.jmh/jmh-core/pom.xml' with strategy 'discard'

  | => root / assembly 1s
[33mwarn] Merging 'META-INF/maven/org.openjdk.jmh/jmh-generator-annprocess/pom.properties' with strategy 'discard'

  | => root / assembly 1s
[33mwarn] Merging 'META-INF/maven/org.openjdk.jmh/jmh-generator-annprocess/pom.xml' with strategy 'discard'

  | => root / assembly 1s
[33mwarn] Merging 'META-INF/maven/org.slf4j/slf4j-api/pom.properties' with strategy 'discard'

  | => root / assembly 1s
[33mwarn] Merging 'META-INF/maven/org.slf4j/slf4j-api/pom.xml' with strategy 'discard'

  | => root / assembly 1s
[33mwarn] Merging 'META-INF/services/java.sql.Driver' with strategy 'filterDistinctLines'

  | => root / assembly 1s
[33mwarn] Merging 'META-INF/services/javax.annotation.processing.Processor' with strategy 'filterDistinctLines'

  | => root / assembly 1s
[33mwarn] Merging 'META-INF/services/org.apache.lucene.codecs.PostingsFormat' with strategy 'filterDistinctLines'

  | => root / assembly 1s
[33mwarn] Merging 'META-INF/versions/11/module-info.class' with strategy 'discard'

  | => root / assembly 1s
[33mwarn] Merging 'META-INF/versions/9/module-info.class' with strategy 'discard'

  | => root / assembly 1s
[33mwarn] Merging 'module-info.class' with strategy 'discard'

  | => root / assembly 1s
[info] Strategy 'deduplicate' was applied to 22 files (Run the task at debug level to see details)

  | => root / assembly 1s
[33mwarn] Strategy 'discard' was applied to 62 files

  | => root / assembly 1s
[33mwarn] Strategy 'filterDistinctLines' was applied to 3 files

  | => root / assembly 1s
[33mwarn] Strategy 'rename' was applied to 10 files

  | => root / assembly 1s

  | => root / assembly 2s
[info] SHA-1: 0bcd3c1a93788d5963e2aca5279078e5d750d485

  | => root / assembly 2s
[33mwarn] Ignored unknown package option FixedTimestamp(Some(1262304000000))

  | => root / assembly 2s

  | => root / assembly 3s

  | => root / assembly 4s

  | => root / assembly 5s

  | => root / assembly 6s

  | => root / assembly 7s

  | => root / assembly 8s

  | => root / assembly 9s

  | => root / assembly 10s
[32msuccess] Total time: 30 s, completed Oct 17, 2022, 6:39:32 PM
18:39:33.142 [main] INFO SimpleScalaApp - SimpleScalaApp: ok
/home/tomasz/Documents/workspace/everything-everywhere-all-at-once
/home/tomasz/Documents/workspace/everything-everywhere-all-at-once
[info] welcome to sbt 1.7.2 (Oracle Corporation Java 17.0.2)
[info] loading global plugins from /home/tomasz/.sbt/1.0/plugins

  | => global-plugins / otherResolvers 0s

  | => global-plugins / dependencyPositions 0s
  | => global-plugins / otherResolvers 0s


  | => global-plugins / Compile / compileIncremental 0s


  | => <anon-2de50ee4> 0s
[info] loading settings for project everything-everywhere-all-at-once-build from plugins.sbt ...
[info] loading project definition from /home/tomasz/Documents/workspace/everything-everywhere-all-at-once/project

  | => everything-everywhere-all-at-once-build / Compile / compileIncremental 0s
[info] loading settings for project root from build.sbt ...
[info] set current project to everything-everywhere-all-at-once (in build file:/home/tomasz/Documents/workspace/everything-everywhere-all-at-once/)

  | => root / clean 0s

  | => root / clean 0s
[32msuccess] Total time: 1 s, completed Oct 17, 2022, 6:39:43 PM

  | => root / dependencyPositions 0s

  | => root / scalaCompilerBridgeBinaryJar 0s
  | => root / update 0s

  | => root / scalaCompilerBridgeBinaryJar 1s
  | => root / update 1s

  | => root / scalaCompilerBridgeBinaryJar 2s
  | => root / update 2s


  | => root / Compile / compileIncremental 0s
[info] compiling 1 Scala source and 5 Java sources to /home/tomasz/Documents/workspace/everything-everywhere-all-at-once/target/scala-3.2.0/classes ...

  | => root / Compile / compileIncremental 0s

  | => root / Compile / compileIncremental 0s

  | => root / Compile / compileIncremental 1s

  | => root / Compile / compileIncremental 2s

  | => root / Compile / compileIncremental 3s

  | => root / Compile / compileIncremental 3s

  | => root / Compile / compileIncremental 4s

  | => root / Compile / compileIncremental 5s

  | => root / Compile / compileIncremental 6s

  | => root / Compile / compile 0s
[info] compiling 1 Scala source and 4 Java sources to /home/tomasz/Documents/workspace/everything-everywhere-all-at-once/target/scala-3.2.0/test-classes ...

  | => root / Compile / compile 0s
[info] Including: scala-collection-compat_3-2.6.0.jar

  | => root / Compile / compile 0s
[info] Including: jollyday-0.4.9.jar

  | => root / Compile / compile 0s
[info] Including: scala3-library_3-3.2.0.jar

  | => root / Compile / compile 0s
[info] Including: typename_3-1.0.0.jar

  | => root / Compile / compile 0s
[info] Including: h2-1.4.200.jar

  | => root / Compile / compile 0s
[info] Including: lucene-queryparser-7.5.0.jar

  | => root / Compile / compile 0s
[info] Including: stanford-corenlp-4.5.1.jar

  | => root / Compile / compile 0s
[info] Including: lucene-analyzers-common-7.5.0.jar

  | => root / Compile / compile 0s

  | => root / Test / compileIncremental 0s
  | => root / assembly / assembledMappings 0s
[info] Including: HikariCP-4.0.3.jar

  | => root / Test / compileIncremental 0s
  | => root / assembly / assembledMappings 0s
[info] Including: cats-core_3-2.8.0.jar

  | => root / Test / compileIncremental 0s
  | => root / assembly / assembledMappings 0s
[info] Including: slf4j-api-2.0.1.jar

  | => root / Test / compileIncremental 0s
  | => root / assembly / assembledMappings 0s
[info] Including: jopt-simple-5.0.4.jar

  | => root / Test / compileIncremental 0s
  | => root / assembly / assembledMappings 0s
[info] Including: lucene-core-7.5.0.jar

  | => root / Test / compileIncremental 0s
  | => root / assembly / assembledMappings 0s
[info] Including: commons-math3-3.2.jar

  | => root / Test / compileIncremental 0s
  | => root / assembly / assembledMappings 0s
[info] Including: logback-core-1.4.4.jar

  | => root / Test / compileIncremental 0s
  | => root / assembly / assembledMappings 0s
[info] Including: AppleJavaExtensions-1.4.jar

  | => root / Test / compileIncremental 0s
  | => root / assembly / assembledMappings 0s
[info] Including: scala-library-2.13.8.jar

  | => root / Test / compileIncremental 0s
  | => root / assembly / assembledMappings 0s

  | => root / Test / compileIncremental 1s
  | => root / assembly / assembledMappings 1s
[info] Including: javax.servlet-api-3.0.1.jar

  | => root / Test / compileIncremental 1s
  | => root / assembly / assembledMappings 1s
[info] Including: xom-1.3.7.jar

  | => root / Test / compileIncremental 1s
  | => root / assembly / assembledMappings 1s
[info] Including: joda-time-2.10.5.jar

  | => root / Test / compileIncremental 1s
  | => root / assembly / assembledMappings 1s
[info] Including: config-1.4.2.jar

  | => root / Test / compileIncremental 1s
  | => root / assembly / assembledMappings 1s
[info] Including: zt-zip-1.15.jar

  | => root / Test / compileIncremental 1s
  | => root / assembly / assembledMappings 1s
[info] Including: jdbc-4.50.8.jar

  | => root / Test / compileIncremental 1s
  | => root / assembly / assembledMappings 1s
[info] Including: ejml-core-0.39.jar

  | => root / Test / compileIncremental 1s
  | => root / assembly / assembledMappings 1s
[info] Including: ejml-ddense-0.39.jar

  | => root / Test / compileIncremental 1s
  | => root / assembly / assembledMappings 1s
[info] Including: ejml-simple-0.39.jar

  | => root / Test / compileIncremental 1s
  | => root / assembly / assembledMappings 1s

  | => root / Test / compileIncremental 2s
  | => root / assembly / assembledMappings 2s
[info] Including: cats-effect-kernel_3-3.4-389-3862cf0.jar

  | => root / Test / compileIncremental 2s
  | => root / assembly / assembledMappings 2s
[info] Including: javax.json-1.0.4.jar

  | => root / Test / compileIncremental 2s
  | => root / assembly / assembledMappings 2s
[info] Including: cats-effect_3-3.4-389-3862cf0.jar

  | => root / Test / compileIncremental 2s
  | => root / assembly / assembledMappings 2s
[info] Including: protobuf-java-3.19.2.jar

  | => root / Test / compileIncremental 2s
  | => root / assembly / assembledMappings 2s
[info] Including: commons-collections4-4.4.jar

  | => root / Test / compileIncremental 2s
  | => root / assembly / assembledMappings 2s
[info] Including: cats-effect-std_3-3.4-389-3862cf0.jar

  | => root / Test / compileIncremental 2s
  | => root / assembly / assembledMappings 2s
[info] Including: javax.activation-api-1.2.0.jar

  | => root / Test / compileIncremental 2s
  | => root / assembly / assembledMappings 2s
[info] Including: jaxb-api-2.4.0-b180830.0359.jar

  | => root / Test / compileIncremental 2s
  | => root / assembly / assembledMappings 2s
[info] Including: istack-commons-runtime-3.0.7.jar

  | => root / Test / compileIncremental 2s
  | => root / assembly / assembledMappings 2s
[info] Including: jaxb-impl-2.4.0-b180830.0438.jar

  | => root / Test / compileIncremental 2s
  | => root / assembly / assembledMappings 2s
[info] Including: doobie-free_3-1.0.0-RC2.jar

  | => root / Test / compileIncremental 2s
  | => root / assembly / assembledMappings 2s
[info] Including: commons-io-2.11.0.jar

  | => root / Test / compileIncremental 2s
  | => root / assembly / assembledMappings 2s
[info] Including: commons-lang3-3.12.0.jar

  | => root / Test / compileIncremental 2s
  | => root / assembly / assembledMappings 2s
[info] Including: cats-kernel_3-2.8.0.jar

  | => root / Test / compileIncremental 2s
  | => root / assembly / assembledMappings 2s
[info] Including: json-simple-1.1.1.jar

  | => root / Test / compileIncremental 2s
  | => root / assembly / assembledMappings 2s
[info] Including: bson-3.8.0.jar

  | => root / Test / compileIncremental 2s
  | => root / assembly / assembledMappings 2s
[info] Including: commons-codec-1.15.jar

  | => root / Test / compileIncremental 2s
  | => root / assembly / assembledMappings 2s
[info] Including: fs2-core_3-3.2.4.jar

  | => root / Test / compileIncremental 2s
  | => root / assembly / assembledMappings 2s
[info] Including: commons-compress-1.21.jar

  | => root / Test / compileIncremental 2s
  | => root / assembly / assembledMappings 2s

  | => root / Test / compileIncremental 3s
  | => root / assembly / assembledMappings 3s
[info] Including: cats-free_3-2.7.0.jar

  | => root / Test / compileIncremental 3s
  | => root / assembly / assembledMappings 3s
[info] Including: lucene-queries-7.5.0.jar

  | => root / Test / compileIncremental 3s
  | => root / assembly / assembledMappings 3s
[info] Including: doobie-core_3-1.0.0-RC2.jar

  | => root / Test / compileIncremental 3s
  | => root / assembly / assembledMappings 3s
[info] Including: lucene-sandbox-7.5.0.jar

  | => root / Test / compileIncremental 3s
  | => root / assembly / assembledMappings 3s
[info] Including: doobie-h2_3-1.0.0-RC2.jar

  | => root / Test / compileIncremental 3s
  | => root / assembly / assembledMappings 3s
[info] Including: doobie-hikari_3-1.0.0-RC2.jar

  | => root / Test / compileIncremental 3s
  | => root / assembly / assembledMappings 3s
[info] Including: freemarker-2.3.31.jar

  | => root / Test / compileIncremental 3s
  | => root / assembly / assembledMappings 3s
[info] Including: xercesImpl-2.8.0.jar

  | => root / Test / compileIncremental 3s
  | => root / assembly / assembledMappings 3s
[info] Including: jmh-generator-annprocess-1.35.jar

  | => root / Test / compileIncremental 3s
  | => root / assembly / assembledMappings 3s
[info] Including: log4j-api-2.19.0.jar

  | => root / Test / compileIncremental 3s
  | => root / assembly / assembledMappings 3s
[info] Including: log4j-core-2.19.0.jar

  | => root / Test / compileIncremental 3s
  | => root / assembly / assembledMappings 3s
[info] Including: logback-classic-1.4.4.jar

  | => root / Test / compileIncremental 3s
  | => root / assembly / assembledMappings 3s
[info] Including: scala-logging_3-3.9.5.jar

  | => root / Test / compileIncremental 3s
  | => root / assembly / assembledMappings 3s
[info] Including: jmh-core-1.35.jar

  | => root / Test / compileIncremental 3s
  | => root / assembly / assembledMappings 3s
[info] Including: xalan-2.7.2.jar

  | => root / Test / compileIncremental 3s
  | => root / assembly / assembledMappings 3s

  | => root / Test / compileIncremental 4s
  | => root / assembly / assembledMappings 4s
[info] Including: jsr305-3.0.2.jar

  | => root / Test / compileIncremental 4s
  | => root / assembly / assembledMappings 4s
[info] Including: ejml-fdense-0.39.jar

  | => root / Test / compileIncremental 4s
  | => root / assembly / assembledMappings 4s
[info] Including: ejml-cdense-0.39.jar

  | => root / Test / compileIncremental 4s
  | => root / assembly / assembledMappings 4s
[info] Including: ejml-zdense-0.39.jar

  | => root / Test / compileIncremental 4s
  | => root / assembly / assembledMappings 4s
[info] Including: ejml-dsparse-0.39.jar

  | => root / Test / compileIncremental 4s
  | => root / assembly / assembledMappings 4s
[info] Including: ejml-fsparse-0.39.jar

  | => root / Test / compileIncremental 4s
  | => root / assembly / assembledMappings 4s
[info] Including: junit-4.10.jar

  | => root / Test / compileIncremental 4s
  | => root / assembly / assembledMappings 4s
[info] Including: scodec-bits_3-1.1.30.jar

  | => root / Test / compileIncremental 4s
  | => root / assembly / assembledMappings 4s
[info] Including: simulacrum-scalafix-annotations_3-0.5.4.jar

  | => root / Test / compileIncremental 4s
  | => root / assembly / assembledMappings 4s
[33mwarn] Negative time

  | => root / Test / compileIncremental 4s
  | => root / assembly / assembledMappings 4s
[33mwarn] Negative time

  | => root / Test / compileIncremental 4s
  | => root / assembly / assembledMappings 4s
[33mwarn] Negative time

  | => root / Test / compileIncremental 4s
  | => root / assembly / assembledMappings 4s
[33mwarn] Negative time

  | => root / Test / compileIncremental 4s
  | => root / assembly / assembledMappings 4s
[33mwarn] Negative time

  | => root / Test / compileIncremental 4s
  | => root / assembly / assembledMappings 4s
[33mwarn] Negative time

  | => root / Test / compileIncremental 4s
  | => root / assembly / assembledMappings 4s
[33mwarn] Negative time

  | => root / Test / compileIncremental 4s
  | => root / assembly / assembledMappings 4s
[33mwarn] Negative time

  | => root / Test / compileIncremental 4s
  | => root / assembly / assembledMappings 4s
[33mwarn] Negative time

  | => root / Test / compileIncremental 4s
  | => root / assembly / assembledMappings 4s
[33mwarn] Negative time

  | => root / Test / compileIncremental 4s
  | => root / assembly / assembledMappings 4s
[info] Including: xml-apis-1.3.04.jar

  | => root / Test / compileIncremental 4s
  | => root / assembly / assembledMappings 4s
[info] Including: serializer-2.7.2.jar

  | => root / Test / compileIncremental 4s
  | => root / assembly / assembledMappings 4s
[info] Including: hamcrest-core-1.1.jar

  | => root / Test / compileIncremental 4s
  | => root / assembly / assembledMappings 4s


  | => root / Test / compileIncremental 5s


  | => root / Test / executeTests 0s
[info] [32mSimpleScalaAppSuite:

  | => root / Test / executeTests 0s
[info] [32m- ok

  | => root / Test / executeTests 0s
[info] [36mRun completed in 465 milliseconds.

  | => root / Test / executeTests 0s
[info] [36mTotal number of tests run: 1

  | => root / Test / executeTests 0s
[info] [36mSuites: completed 1, aborted 0

  | => root / Test / executeTests 0s
[info] [36mTests: succeeded 1, failed 0, canceled 0, ignored 0, pending 0

  | => root / Test / executeTests 0s
[info] [32mAll tests passed.

  | => root / Test / executeTests 0s
[info] Checking every *.class/*.jar file's SHA-1.

  | => root / Test / executeTests 0s

  | => root / assembly 0s
[info] Merging files...

  | => root / assembly 0s
[33mwarn] Merging 'NOTICE' with strategy 'rename'

  | => root / assembly 0s
[33mwarn] Merging 'META-INF/NOTICE.txt' with strategy 'rename'

  | => root / assembly 0s
[33mwarn] Merging 'license/NOTICE' with strategy 'rename'

  | => root / assembly 0s
[33mwarn] Merging 'META-INF/NOTICE' with strategy 'rename'

  | => root / assembly 0s
[33mwarn] Merging 'license' with strategy 'rename'

  | => root / assembly 0s
[33mwarn] Merging 'license/LICENSE' with strategy 'rename'

  | => root / assembly 0s
[33mwarn] Merging 'META-INF/LICENSE.txt' with strategy 'rename'

  | => root / assembly 0s
[33mwarn] Merging 'LICENSE.txt' with strategy 'rename'

  | => root / assembly 0s
[33mwarn] Merging 'META-INF/LICENSE' with strategy 'rename'

  | => root / assembly 0s

  | => root / assembly 0s
[33mwarn] Merging 'LICENSE' with strategy 'rename'

  | => root / assembly 0s
[33mwarn] Merging 'META-INF/DEPENDENCIES' with strategy 'discard'

  | => root / assembly 0s
[33mwarn] Merging 'META-INF/INDEX.LIST' with strategy 'discard'

  | => root / assembly 0s
[33mwarn] Merging 'META-INF/MANIFEST.MF' with strategy 'discard'

  | => root / assembly 0s
[33mwarn] Merging 'META-INF/maven/ch.qos.logback/logback-classic/pom.properties' with strategy 'discard'

  | => root / assembly 0s
[33mwarn] Merging 'META-INF/maven/ch.qos.logback/logback-classic/pom.xml' with strategy 'discard'

  | => root / assembly 0s
[33mwarn] Merging 'META-INF/maven/ch.qos.logback/logback-core/pom.properties' with strategy 'discard'

  | => root / assembly 0s
[33mwarn] Merging 'META-INF/maven/ch.qos.logback/logback-core/pom.xml' with strategy 'discard'

  | => root / assembly 0s
[33mwarn] Merging 'META-INF/maven/com.google.code.findbugs/jsr305/pom.properties' with strategy 'discard'

  | => root / assembly 0s
[33mwarn] Merging 'META-INF/maven/com.google.code.findbugs/jsr305/pom.xml' with strategy 'discard'

  | => root / assembly 0s
[33mwarn] Merging 'META-INF/maven/com.google.protobuf/protobuf-java/pom.properties' with strategy 'discard'

  | => root / assembly 0s
[33mwarn] Merging 'META-INF/maven/com.google.protobuf/protobuf-java/pom.xml' with strategy 'discard'

  | => root / assembly 0s
[33mwarn] Merging 'META-INF/maven/com.googlecode.json-simple/json-simple/pom.properties' with strategy 'discard'

  | => root / assembly 0s
[33mwarn] Merging 'META-INF/maven/com.googlecode.json-simple/json-simple/pom.xml' with strategy 'discard'

  | => root / assembly 0s
[33mwarn] Merging 'META-INF/maven/com.sun.istack/istack-commons-runtime/pom.properties' with strategy 'discard'

  | => root / assembly 0s
[33mwarn] Merging 'META-INF/maven/com.sun.istack/istack-commons-runtime/pom.xml' with strategy 'discard'

  | => root / assembly 0s
[33mwarn] Merging 'META-INF/maven/com.sun.xml.bind/jaxb-impl/pom.properties' with strategy 'discard'

  | => root / assembly 0s
[33mwarn] Merging 'META-INF/maven/com.sun.xml.bind/jaxb-impl/pom.xml' with strategy 'discard'

  | => root / assembly 0s
[33mwarn] Merging 'META-INF/maven/com.zaxxer/HikariCP/pom.properties' with strategy 'discard'

  | => root / assembly 0s
[33mwarn] Merging 'META-INF/maven/com.zaxxer/HikariCP/pom.xml' with strategy 'discard'

  | => root / assembly 0s
[33mwarn] Merging 'META-INF/maven/commons-codec/commons-codec/pom.properties' with strategy 'discard'

  | => root / assembly 0s
[33mwarn] Merging 'META-INF/maven/commons-codec/commons-codec/pom.xml' with strategy 'discard'

  | => root / assembly 0s
[33mwarn] Merging 'META-INF/maven/commons-io/commons-io/pom.properties' with strategy 'discard'

  | => root / assembly 0s
[33mwarn] Merging 'META-INF/maven/commons-io/commons-io/pom.xml' with strategy 'discard'

  | => root / assembly 0s
[33mwarn] Merging 'META-INF/maven/de.jollyday/jollyday/pom.properties' with strategy 'discard'

  | => root / assembly 0s
[33mwarn] Merging 'META-INF/maven/de.jollyday/jollyday/pom.xml' with strategy 'discard'

  | => root / assembly 0s
[33mwarn] Merging 'META-INF/maven/javax.activation/javax.activation-api/pom.properties' with strategy 'discard'

  | => root / assembly 0s
[33mwarn] Merging 'META-INF/maven/javax.activation/javax.activation-api/pom.xml' with strategy 'discard'

  | => root / assembly 0s
[33mwarn] Merging 'META-INF/maven/javax.servlet/javax.servlet-api/pom.properties' with strategy 'discard'

  | => root / assembly 0s
[33mwarn] Merging 'META-INF/maven/javax.servlet/javax.servlet-api/pom.xml' with strategy 'discard'

  | => root / assembly 0s
[33mwarn] Merging 'META-INF/maven/javax.xml.bind/jaxb-api/pom.properties' with strategy 'discard'

  | => root / assembly 0s
[33mwarn] Merging 'META-INF/maven/javax.xml.bind/jaxb-api/pom.xml' with strategy 'discard'

  | => root / assembly 0s
[33mwarn] Merging 'META-INF/maven/joda-time/joda-time/pom.properties' with strategy 'discard'

  | => root / assembly 0s
[33mwarn] Merging 'META-INF/maven/joda-time/joda-time/pom.xml' with strategy 'discard'

  | => root / assembly 0s
[33mwarn] Merging 'META-INF/maven/net.sf.jopt-simple/jopt-simple/pom.properties' with strategy 'discard'

  | => root / assembly 0s
[33mwarn] Merging 'META-INF/maven/net.sf.jopt-simple/jopt-simple/pom.xml' with strategy 'discard'

  | => root / assembly 0s
[33mwarn] Merging 'META-INF/maven/org.apache.commons/commons-collections4/pom.properties' with strategy 'discard'

  | => root / assembly 0s
[33mwarn] Merging 'META-INF/maven/org.apache.commons/commons-collections4/pom.xml' with strategy 'discard'

  | => root / assembly 0s
[33mwarn] Merging 'META-INF/maven/org.apache.commons/commons-compress/pom.properties' with strategy 'discard'

  | => root / assembly 0s
[33mwarn] Merging 'META-INF/maven/org.apache.commons/commons-compress/pom.xml' with strategy 'discard'

  | => root / assembly 0s
[33mwarn] Merging 'META-INF/maven/org.apache.commons/commons-lang3/pom.properties' with strategy 'discard'

  | => root / assembly 0s
[33mwarn] Merging 'META-INF/maven/org.apache.commons/commons-lang3/pom.xml' with strategy 'discard'

  | => root / assembly 0s
[33mwarn] Merging 'META-INF/maven/org.apache.commons/commons-math3/pom.properties' with strategy 'discard'

  | => root / assembly 0s
[33mwarn] Merging 'META-INF/maven/org.apache.commons/commons-math3/pom.xml' with strategy 'discard'

  | => root / assembly 0s
[33mwarn] Merging 'META-INF/maven/org.apache.logging.log4j/log4j-api/pom.properties' with strategy 'discard'

  | => root / assembly 0s
[33mwarn] Merging 'META-INF/maven/org.apache.logging.log4j/log4j-api/pom.xml' with strategy 'discard'

  | => root / assembly 0s
[33mwarn] Merging 'META-INF/maven/org.apache.logging.log4j/log4j-core/pom.properties' with strategy 'discard'

  | => root / assembly 0s
[33mwarn] Merging 'META-INF/maven/org.apache.logging.log4j/log4j-core/pom.xml' with strategy 'discard'

  | => root / assembly 0s
[33mwarn] Merging 'META-INF/maven/org.glassfish.jaxb/jaxb-runtime/pom.properties' with strategy 'discard'

  | => root / assembly 0s
[33mwarn] Merging 'META-INF/maven/org.glassfish.jaxb/jaxb-runtime/pom.xml' with strategy 'discard'

  | => root / assembly 0s
[33mwarn] Merging 'META-INF/maven/org.glassfish/javax.json/pom.properties' with strategy 'discard'

  | => root / assembly 0s
[33mwarn] Merging 'META-INF/maven/org.glassfish/javax.json/pom.xml' with strategy 'discard'

  | => root / assembly 0s
[33mwarn] Merging 'META-INF/maven/org.hamcrest/hamcrest-core/pom.properties' with strategy 'discard'

  | => root / assembly 0s
[33mwarn] Merging 'META-INF/maven/org.hamcrest/hamcrest-core/pom.xml' with strategy 'discard'

  | => root / assembly 0s
[33mwarn] Merging 'META-INF/maven/org.openjdk.jmh/jmh-core/pom.properties' with strategy 'discard'

  | => root / assembly 0s
[33mwarn] Merging 'META-INF/maven/org.openjdk.jmh/jmh-core/pom.xml' with strategy 'discard'

  | => root / assembly 0s
[33mwarn] Merging 'META-INF/maven/org.openjdk.jmh/jmh-generator-annprocess/pom.properties' with strategy 'discard'

  | => root / assembly 0s
[33mwarn] Merging 'META-INF/maven/org.openjdk.jmh/jmh-generator-annprocess/pom.xml' with strategy 'discard'

  | => root / assembly 0s
[33mwarn] Merging 'META-INF/maven/org.slf4j/slf4j-api/pom.properties' with strategy 'discard'

  | => root / assembly 0s
[33mwarn] Merging 'META-INF/maven/org.slf4j/slf4j-api/pom.xml' with strategy 'discard'

  | => root / assembly 0s
[33mwarn] Merging 'META-INF/services/java.sql.Driver' with strategy 'filterDistinctLines'

  | => root / assembly 0s
[33mwarn] Merging 'META-INF/services/javax.annotation.processing.Processor' with strategy 'filterDistinctLines'

  | => root / assembly 0s
[33mwarn] Merging 'META-INF/services/org.apache.lucene.codecs.PostingsFormat' with strategy 'filterDistinctLines'

  | => root / assembly 0s
[33mwarn] Merging 'META-INF/versions/11/module-info.class' with strategy 'discard'

  | => root / assembly 0s
[33mwarn] Merging 'META-INF/versions/9/module-info.class' with strategy 'discard'

  | => root / assembly 0s

  | => root / assembly 1s
[33mwarn] Merging 'module-info.class' with strategy 'discard'

  | => root / assembly 1s
[info] Strategy 'deduplicate' was applied to 22 files (Run the task at debug level to see details)

  | => root / assembly 1s
[33mwarn] Strategy 'discard' was applied to 62 files

  | => root / assembly 1s
[33mwarn] Strategy 'filterDistinctLines' was applied to 3 files

  | => root / assembly 1s
[33mwarn] Strategy 'rename' was applied to 10 files

  | => root / assembly 1s
[info] SHA-1: 0bcd3c1a93788d5963e2aca5279078e5d750d485

  | => root / assembly 1s
[33mwarn] Ignored unknown package option FixedTimestamp(Some(1262304000000))

  | => root / assembly 1s

  | => root / assembly 2s

  | => root / assembly 3s

  | => root / assembly 4s

  | => root / assembly 5s

  | => root / assembly 6s

  | => root / assembly 7s

  | => root / assembly 8s

  | => root / assembly 9s
[32msuccess] Total time: 29 s, completed Oct 17, 2022, 6:40:12 PM
/home/tomasz/Documents/workspace/everything-everywhere-all-at-once
/home/tomasz/Documents/workspace/everything-everywhere-all-at-once
Compiling pl.tomaszgigiel.everythingeverywhereallatonce.core
/home/tomasz/Documents/workspace/everything-everywhere-all-at-once
/home/tomasz/Documents/workspace/everything-everywhere-all-at-once
Compiling pl.tomaszgigiel.everythingeverywhereallatonce.core

lein test pl.tomaszgigiel.everythingeverywhereallatonce.core-test

Ran 1 tests containing 1 assertions.
0 failures, 0 errors.
/home/tomasz/Documents/workspace/everything-everywhere-all-at-once
/home/tomasz/Documents/workspace/everything-everywhere-all-at-once

lein test pl.tomaszgigiel.everythingeverywhereallatonce.core-test

Ran 1 tests containing 1 assertions.
0 failures, 0 errors.
/home/tomasz/Documents/workspace/everything-everywhere-all-at-once
/home/tomasz/Documents/workspace/everything-everywhere-all-at-once
Compiling pl.tomaszgigiel.everythingeverywhereallatonce.core
Oct 17, 2022 6:40:34 PM clojure.tools.logging$eval155$fn__158 invoke
INFO: nil
Oct 17, 2022 6:40:34 PM clojure.tools.logging$eval155$fn__158 invoke
INFO: ok (clojure)
/home/tomasz/Documents/workspace/everything-everywhere-all-at-once
/home/tomasz/Documents/workspace/everything-everywhere-all-at-once
Compiling pl.tomaszgigiel.everythingeverywhereallatonce.core
Oct 17, 2022 6:40:39 PM clojure.tools.logging$eval155$fn__158 invoke
INFO: nil
Oct 17, 2022 6:40:39 PM clojure.tools.logging$eval155$fn__158 invoke
INFO: ok (clojure)
/home/tomasz/Documents/workspace/everything-everywhere-all-at-once
/home/tomasz/Documents/workspace/everything-everywhere-all-at-once
Compiling pl.tomaszgigiel.everythingeverywhereallatonce.core
Created /home/tomasz/Documents/workspace/everything-everywhere-all-at-once/target/uberjar/everything-everywhere-all-at-once-lein.jar
Created /home/tomasz/Documents/workspace/everything-everywhere-all-at-once/target/uberjar/everything-everywhere-all-at-once-lein-uberjar.jar
Oct 17, 2022 6:40:50 PM clojure.tools.logging$eval136$fn__139 invoke
INFO: nil
Oct 17, 2022 6:40:50 PM clojure.tools.logging$eval136$fn__139 invoke
INFO: ok (clojure)
/home/tomasz/Documents/workspace/everything-everywhere-all-at-once
/home/tomasz/Documents/workspace/everything-everywhere-all-at-once
Compiling pl.tomaszgigiel.everythingeverywhereallatonce.core
Created /home/tomasz/Documents/workspace/everything-everywhere-all-at-once/target/uberjar/everything-everywhere-all-at-once-lein.jar
Created /home/tomasz/Documents/workspace/everything-everywhere-all-at-once/target/uberjar/everything-everywhere-all-at-once-lein-uberjar.jar
Oct 17, 2022 6:41:00 PM clojure.tools.logging$eval136$fn__139 invoke
INFO: nil
Oct 17, 2022 6:41:00 PM clojure.tools.logging$eval136$fn__139 invoke
INFO: ok (clojure)
/home/tomasz/Documents/workspace/everything-everywhere-all-at-once
/home/tomasz/Documents/workspace/everything-everywhere-all-at-once
Compiling pl.tomaszgigiel.everythingeverywhereallatonce.core
Created /home/tomasz/Documents/workspace/everything-everywhere-all-at-once/target/uberjar/everything-everywhere-all-at-once-lein.jar
Created /home/tomasz/Documents/workspace/everything-everywhere-all-at-once/target/uberjar/everything-everywhere-all-at-once-lein-uberjar.jar
/home/tomasz/Documents/workspace/everything-everywhere-all-at-once
/home/tomasz/Documents/workspace/everything-everywhere-all-at-once

Script done on 2022-10-17 18:41:08+0200
